/COM,ANSYS RELEASE 2022 R2           BUILD 22.2      UP20220516       23:44:49

 *** WARNING ***                         CP =       0.156   TIME= 23:44:50
 Temperature-dependent properties have not been specified.  The          
 THOPT,QUASI option does not perform equilibrium iterations.  Small      
 time steps may be required to obtain accurate results.                  

 *** WARNING ***                         CP =       0.234   TIME= 23:44:50
 Element shape checking is currently inactive.  Issue SHPP,ON or         
 SHPP,WARN to reactivate, if desired.                                    

 *** WARNING ***                         CP =       0.234   TIME= 23:44:50
 Material number 2 (used by element 5177) should normally have at least  
 one MP or one TB type command associated with it.  Output of energy by  
 material may not be available.                                          

 *** WARNING ***                         CP =       0.703   TIME= 23:44:51
 Material number 2 (used by element 5177) should normally have at least  
 one MP or one TB type command associated with it.  Output of energy by  
 material may not be available.                                          

 *** WARNING ***                         CP =       1.266   TIME= 23:44:52
 Material number 2 (used by element 5177) should normally have at least  
 one MP or one TB type command associated with it.  Output of energy by  
 material may not be available.                                          

 *** WARNING ***                         CP =       2.266   TIME= 23:44:53
 Material number 2 (used by element 5177) should normally have at least  
 one MP or one TB type command associated with it.  Output of energy by  
 material may not be available.                                          

 *** WARNING ***                         CP =       3.125   TIME= 23:44:54
 Material number 2 (used by element 5177) should normally have at least  
 one MP or one TB type command associated with it.  Output of energy by  
 material may not be available.                                          
