
 Ansys Mechanical Enterprise Academic Student      


 *------------------------------------------------------------------*
 |                                                                  |
 |   W E L C O M E   T O   T H E   A N S Y S (R)  P R O G R A M     |
 |                                                                  |
 *------------------------------------------------------------------*




 ***************************************************************
 *         ANSYS MAPDL 2022 R2          LEGAL NOTICES          *
 ***************************************************************
 *                                                             *
 * Copyright 1971-2022 Ansys, Inc.  All rights reserved.       *
 * Unauthorized use, distribution or duplication is            *
 * prohibited.                                                 *
 *                                                             *
 * Ansys is a registered trademark of Ansys, Inc. or its       *
 * subsidiaries in the United States or other countries.       *
 * See the Ansys, Inc. online documentation or the Ansys, Inc. *
 * documentation CD or online help for the complete Legal      *
 * Notice.                                                     *
 *                                                             *
 ***************************************************************
 *                                                             *
 * THIS ANSYS SOFTWARE PRODUCT AND PROGRAM DOCUMENTATION       *
 * INCLUDE TRADE SECRETS AND CONFIDENTIAL AND PROPRIETARY      *
 * PRODUCTS OF ANSYS, INC., ITS SUBSIDIARIES, OR LICENSORS.    *
 * The software products and documentation are furnished by    *
 * Ansys, Inc. or its subsidiaries under a software license    *
 * agreement that contains provisions concerning               *
 * non-disclosure, copying, length and nature of use,          *
 * compliance with exporting laws, warranties, disclaimers,    *
 * limitations of liability, and remedies, and other           *
 * provisions.  The software products and documentation may be *
 * used, disclosed, transferred, or copied only in accordance  *
 * with the terms and conditions of that software license      *
 * agreement.                                                  *
 *                                                             *
 * Ansys, Inc. is a UL registered                              *
 * ISO 9001:2015 company.                                      *
 *                                                             *
 ***************************************************************
 *                                                             *
 * This product is subject to U.S. laws governing export and   *
 * re-export.                                                  *
 *                                                             *
 * For U.S. Government users, except as specifically granted   *
 * by the Ansys, Inc. software license agreement, the use,     *
 * duplication, or disclosure by the United States Government  *
 * is subject to restrictions stated in the Ansys, Inc.        *
 * software license agreement and FAR 12.212 (for non-DOD      *
 * licenses).                                                  *
 *                                                             *
 ***************************************************************

 2022 R2 
     
 Point Releases and Patches installed:   
     
 Ansys, Inc. Products 2022 R2
 Autodyn 2022 R2 
 SpaceClaim 2022 R2  
 CFX (includes CFD-Post) 2022 R2 
 Chemkin 2022 R2 
 EnSight 2022 R2 
 FENSAP-ICE 2022 R2  
 Fluent (includes CFD-Post) 2022 R2  
 Polyflow (includes CFD-Post) 2022 R2
 Forte (includes EnSight) 2022 R2
 TurboGrid 2022 R2   
 Aqwa 2022 R2
 Mechanical Products 2022 R2 
 ACIS Geometry Interface 2022 R2 
 AutoCAD Geometry Interface 2022 R2  
 Catia, Version 4 Geometry Interface 2022 R2 
 Catia, Version 5 Geometry Interface 2022 R2 
 Catia, Version 6 Geometry Interface 2022 R2 
 Creo Elements/Direct Modeling Geometry Interface 2022 R2
 Creo Parametric Geometry Interface 2022 R2  
 Inventor Geometry Interface 2022 R2 
 JTOpen Geometry Interface 2022 R2   
 NX Geometry Interface 2022 R2   
 Parasolid Geometry Interface  2022 R2   
 Solid Edge Geometry Interface 2022 R2   
 SOLIDWORKS Geometry Interface 2022 R2   
 Academic Student 2022 R2


          *****  MAPDL COMMAND LINE ARGUMENTS  *****
  BATCH MODE REQUESTED (-b)    = NOLIST
  INPUT FILE COPY MODE (-c)    = COPY
  DISTRIBUTED MEMORY PARALLEL REQUESTED
       4 PARALLEL PROCESSES REQUESTED WITH SINGLE THREAD PER PROCESS
    TOTAL OF     4 CORES REQUESTED
  INPUT FILE NAME              = C:\Users\poitz\Repos\MAE598\Project2\_ProjectScratch\Scr61E2\dummy.dat
  OUTPUT FILE NAME             = C:\Users\poitz\Repos\MAE598\Project2\_ProjectScratch\Scr61E2\solve.out
  START-UP FILE MODE           = NOREAD
  STOP FILE MODE               = NOREAD

 RELEASE= 2022 R2              BUILD= 22.2      UP20220516   VERSION=WINDOWS x64 
 CURRENT JOBNAME=file0  23:44:50  DEC 08, 2022 CP=      0.062


 PARAMETER _DS_PROGRESS =     999.0000000    

 /INPUT FILE= ds.dat  LINE=       0



 *** NOTE ***                            CP =       0.141   TIME= 23:44:50
 The /CONFIG,NOELDB command is not valid in a distributed memory         
 parallel solution.  Command is ignored.                                 

 *GET  _WALLSTRT  FROM  ACTI  ITEM=TIME WALL  VALUE=  23.7472222    

 TITLE= 
 Project--Transient Thermal (C5)                                               

  ACT Extensions:
      LSDYNA, 2022.2
      5f463412-bd3e-484b-87e7-cbc0a665e474, wbex
 /COM,     ANSYSMotion, 2022.2
      20180725-3f81-49eb-9f31-41364844c769, wbex
  

 SET PARAMETER DIMENSIONS ON  _WB_PROJECTSCRATCH_DIR
  TYPE=STRI  DIMENSIONS=      248        1        1

 PARAMETER _WB_PROJECTSCRATCH_DIR(1) = C:\Users\poitz\Repos\MAE598\Project2\_ProjectScratch\Scr61E2\

 SET PARAMETER DIMENSIONS ON  _WB_SOLVERFILES_DIR
  TYPE=STRI  DIMENSIONS=      248        1        1

 PARAMETER _WB_SOLVERFILES_DIR(1) = C:\Users\poitz\Repos\MAE598\Project2\Project_files\dp0\SYS-2\MECH\

 SET PARAMETER DIMENSIONS ON  _WB_USERFILES_DIR
  TYPE=STRI  DIMENSIONS=      248        1        1

 PARAMETER _WB_USERFILES_DIR(1) = C:\Users\poitz\Repos\MAE598\Project2\Project_files\user_files\
 --- Data in consistent MKS units. See Solving Units in the help system for more

 MKS UNITS SPECIFIED FOR INTERNAL    
  LENGTH        (l)  = METER (M)
  MASS          (M)  = KILOGRAM (KG)
  TIME          (t)  = SECOND (SEC)
  TEMPERATURE   (T)  = CELSIUS (C)
  TOFFSET            = 273.0
  CHARGE        (Q)  = COULOMB
  FORCE         (f)  = NEWTON (N) (KG-M/SEC2)
  HEAT               = JOULE (N-M)

  PRESSURE           = PASCAL (NEWTON/M**2)
  ENERGY        (W)  = JOULE (N-M)
  POWER         (P)  = WATT (N-M/SEC)
  CURRENT       (i)  = AMPERE (COULOMBS/SEC)
  CAPACITANCE   (C)  = FARAD
  INDUCTANCE    (L)  = HENRY
  MAGNETIC FLUX      = WEBER
  RESISTANCE    (R)  = OHM
  ELECTRIC POTENTIAL = VOLT

 INPUT  UNITS ARE ALSO SET TO MKS 

 *** MAPDL - ENGINEERING ANALYSIS SYSTEM  RELEASE 2022 R2          22.2     ***
 Ansys Mechanical Enterprise Academic Student      
 00000000  VERSION=WINDOWS x64   23:44:50  DEC 08, 2022 CP=      0.141

 Project--Transient Thermal (C5)                                               



          ***** MAPDL ANALYSIS DEFINITION (PREP7) *****
 *********** Nodes for the whole assembly ***********
 *********** Elements for Body 1 "Solid" ***********
 *********** Send User Defined Coordinate System(s) ***********
 *********** Send Materials ***********
 *********** Create "Heat Flux" ***********
 *********** Create "Heat Flux 2" ***********
 *********** Create "Convection" ***********
 ***************** Define Uniform Initial temperature ***************


 ***** ROUTINE COMPLETED *****  CP =         0.156


 --- Number of total nodes = 6421
 --- Number of contact elements = 2328
 --- Number of spring elements = 0
 --- Number of bearing elements = 0
 --- Number of solid elements = 3246
 --- Number of condensed parts = 0
 --- Number of total elements = 5574

 *GET  _WALLBSOL  FROM  ACTI  ITEM=TIME WALL  VALUE=  23.7472222    
 ****************************************************************************
 *************************    SOLUTION       ********************************
 ****************************************************************************

 *****  MAPDL SOLUTION ROUTINE  *****


 PERFORM A TRANSIENT ANALYSIS
  THIS WILL BE A NEW ANALYSIS

 STEP BOUNDARY CONDITION KEY= 1

 CONTACT INFORMATION PRINTOUT LEVEL       1

 DO NOT SAVE ANY RESTART FILES AT ALL

 DO NOT COMBINE ELEMENT MATRIX FILES (.emat) AFTER DISTRIBUTED PARALLEL SOLUTION

 DO NOT COMBINE ELEMENT SAVE DATA FILES (.esav) AFTER DISTRIBUTED PARALLEL SOLUTION

 Use Quasi-Linear Thermal Transient Solution
   Tolerance for Reform of Thermal Matrix=     0.050
   ***** Fast Property Table Information *****
    Number of entries per property=    64
    Minimum temperature =      0.00
    Maximum temperature =   1000.00
  Enable multipass algorithm

 *** WARNING ***                         CP =       0.156   TIME= 23:44:50
 Temperature-dependent properties have not been specified.  The          
 THOPT,QUASI option does not perform equilibrium iterations.  Small      
 time steps may be required to obtain accurate results.                  

 NLHIST: ADDED NODAL RESULTS HISTORY FOR:
       NAME = MAX_TEMP                        
  ITEM/COMP = TEMPMAX 
       NODE =         0

 NLHIST: ADDED NODAL RESULTS HISTORY FOR:
       NAME = MIN_TEMP                        
  ITEM/COMP = TEMPMIN 
       NODE =         0
 ********* Initial Time Increment Check And Fourier Modulus *********
  Specified Initial Time Increment: 0.01
  Estimated Increment Needed, le*le/alpha, Body 1: 2.81691
 ****************************************************
 ******************* SOLVE FOR LS 1 OF 5 ****************

 SELECT       FOR ITEM=TYPE COMPONENT=    
  IN RANGE         2 TO          2 STEP          1

        199  ELEMENTS (OF       5574  DEFINED) SELECTED BY  ESEL  COMMAND.

 SELECT      ALL NODES HAVING ANY ELEMENT IN ELEMENT SET.

        533 NODES (OF       6421  DEFINED) SELECTED FROM
      199 SELECTED ELEMENTS BY NSLE COMMAND.

 GENERATE SURFACE LOAD HFLU ON SURFACE DEFINED BY ALL SELECTED NODES
 VALUE =   1539500.00    

 NUMBER OF HFLU ELEMENT FACE LOADS STORED =        199

 SELECT       FOR ITEM=TYPE COMPONENT=    
  IN RANGE         3 TO          3 STEP          1

        199  ELEMENTS (OF       5574  DEFINED) SELECTED BY  ESEL  COMMAND.

 SELECT      ALL NODES HAVING ANY ELEMENT IN ELEMENT SET.

        533 NODES (OF       6421  DEFINED) SELECTED FROM
      199 SELECTED ELEMENTS BY NSLE COMMAND.

 GENERATE SURFACE LOAD HFLU ON SURFACE DEFINED BY ALL SELECTED NODES
 VALUE =   1539500.00    

 NUMBER OF HFLU ELEMENT FACE LOADS STORED =        199

 ALL SELECT   FOR ITEM=NODE COMPONENT=    
  IN RANGE         1 TO       6421 STEP          1

       6421  NODES (OF       6421  DEFINED) SELECTED BY NSEL  COMMAND.

 ALL SELECT   FOR ITEM=ELEM COMPONENT=    
  IN RANGE         1 TO       7504 STEP          1

       5574  ELEMENTS (OF       5574  DEFINED) SELECTED BY  ESEL  COMMAND.

 SELECT       FOR ITEM=TYPE COMPONENT=    
  IN RANGE         4 TO          4 STEP          1

       1930  ELEMENTS (OF       5574  DEFINED) SELECTED BY  ESEL  COMMAND.

 SELECT      ALL NODES HAVING ANY ELEMENT IN ELEMENT SET.

       3852 NODES (OF       6421  DEFINED) SELECTED FROM
     1930 SELECTED ELEMENTS BY NSLE COMMAND.

 GENERATE SURFACE LOAD CONV ON SURFACE DEFINED BY ALL SELECTED NODES
 VALUES=  5.00000000      35.0000000    

 NUMBER OF CONV ELEMENT FACE LOADS STORED =       1930

 ALL SELECT   FOR ITEM=NODE COMPONENT=    
  IN RANGE         1 TO       6421 STEP          1

       6421  NODES (OF       6421  DEFINED) SELECTED BY NSEL  COMMAND.

 ALL SELECT   FOR ITEM=ELEM COMPONENT=    
  IN RANGE         1 TO       7504 STEP          1

       5574  ELEMENTS (OF       5574  DEFINED) SELECTED BY  ESEL  COMMAND.

 PRINTOUT RESUMED BY /GOP

 USE AUTOMATIC TIME STEPPING THIS LOAD STEP

 USE     100 SUBSTEPS INITIALLY THIS LOAD STEP FOR ALL  DEGREES OF FREEDOM
 FOR AUTOMATIC TIME STEPPING:
   USE   1000 SUBSTEPS AS A MAXIMUM
   USE     10 SUBSTEPS AS A MINIMUM

 TIME=  1.0000    

 INCLUDE TRANSIENT EFFECTS FOR  ALL DEGREES OF FREEDOM THIS LOAD STEP

 ERASE THE CURRENT DATABASE OUTPUT CONTROL TABLE.


 WRITE ALL  ITEMS TO THE DATABASE WITH A FREQUENCY OF NONE
   FOR ALL APPLICABLE ENTITIES

 WRITE NSOL ITEMS TO THE DATABASE WITH A FREQUENCY OF ALL 
   FOR ALL APPLICABLE ENTITIES

 WRITE RSOL ITEMS TO THE DATABASE WITH A FREQUENCY OF ALL 
   FOR ALL APPLICABLE ENTITIES

 WRITE EANG ITEMS TO THE DATABASE WITH A FREQUENCY OF ALL 
   FOR ALL APPLICABLE ENTITIES

 WRITE VENG ITEMS TO THE DATABASE WITH A FREQUENCY OF ALL 
   FOR ALL APPLICABLE ENTITIES

 WRITE FFLU ITEMS TO THE DATABASE WITH A FREQUENCY OF ALL 
   FOR ALL APPLICABLE ENTITIES

 WRITE CONT ITEMS TO THE DATABASE WITH A FREQUENCY OF ALL 
   FOR ALL APPLICABLE ENTITIES

 PRINTOUT RESUMED BY /GOP

 WRITE MISC ITEMS TO THE DATABASE WITH A FREQUENCY OF ALL 
   FOR THE ENTITIES DEFINED BY COMPONENT _ELMISC 

 CONVERGENCE ON HEAT BASED ON THE NORM OF THE N-R LOAD
   WITH A TOLERANCE OF 0.1000E-02 AND A MINIMUM REFERENCE VALUE OF 0.1000E-05
   USING THE L2 NORM (CHECK THE SRSS VALUE)

 *GET  ANSINTER_  FROM  ACTI  ITEM=INT        VALUE=  0.00000000    

 *IF  ANSINTER_                         ( =   0.00000     )  NE  
      0                                 ( =   0.00000     )  THEN    

 *ENDIF

 *** NOTE ***                            CP =       0.234   TIME= 23:44:50
 The automatic domain decomposition logic has selected the MESH domain   
 decomposition method with 4 processes per solution.                     

 *****  MAPDL SOLVE    COMMAND  *****

 *** WARNING ***                         CP =       0.234   TIME= 23:44:50
 Element shape checking is currently inactive.  Issue SHPP,ON or         
 SHPP,WARN to reactivate, if desired.                                    

 *** NOTE ***                            CP =       0.234   TIME= 23:44:50
 The model data was checked and warning messages were found.             
  Please review output or errors file (                                  
 C:\Users\poitz\Repos\MAE598\Project2\_ProjectScratch\Scr61E2\file0.err  
 ) for these warning messages.                                           

 *** MAPDL - ENGINEERING ANALYSIS SYSTEM  RELEASE 2022 R2          22.2     ***
 Ansys Mechanical Enterprise Academic Student      
 00000000  VERSION=WINDOWS x64   23:44:50  DEC 08, 2022 CP=      0.234

 Project--Transient Thermal (C5)                                               



                       S O L U T I O N   O P T I O N S

   PROBLEM DIMENSIONALITY. . . . . . . . . . . . .3-D                  
   DEGREES OF FREEDOM. . . . . . TEMP
   ANALYSIS TYPE . . . . . . . . . . . . . . . . .TRANSIENT            
      SOLUTION METHOD. . . . . . . . . . . . . . .QUASI                
   OFFSET TEMPERATURE FROM ABSOLUTE ZERO . . . . .  273.15    
   GLOBALLY ASSEMBLED MATRIX . . . . . . . . . . .SYMMETRIC  

 *** WARNING ***                         CP =       0.234   TIME= 23:44:50
 Material number 2 (used by element 5177) should normally have at least  
 one MP or one TB type command associated with it.  Output of energy by  
 material may not be available.                                          

 *** NOTE ***                            CP =       0.234   TIME= 23:44:50
 The step data was checked and warning messages were found.              
  Please review output or errors file (                                  
 C:\Users\poitz\Repos\MAE598\Project2\_ProjectScratch\Scr61E2\file0.err  
 ) for these warning messages.                                           

 *** NOTE ***                            CP =       0.234   TIME= 23:44:50
 The conditions for direct assembly have been met.  No .emat or .erot    
 files will be produced.                                                 

  
  
     D I S T R I B U T E D   D O M A I N   D E C O M P O S E R
  
  ...Number of elements: 5574
  ...Number of nodes:    6421
  ...Decompose to 4 CPU domains
  ...Element load balance ratio =     1.009


                      L O A D   S T E P   O P T I O N S

   LOAD STEP NUMBER. . . . . . . . . . . . . . . .     1
   TIME AT END OF THE LOAD STEP. . . . . . . . . .  1.0000    
   AUTOMATIC TIME STEPPING . . . . . . . . . . . .    ON
      INITIAL NUMBER OF SUBSTEPS . . . . . . . . .   100
      MAXIMUM NUMBER OF SUBSTEPS . . . . . . . . .  1000
      MINIMUM NUMBER OF SUBSTEPS . . . . . . . . .    10
   STEP CHANGE BOUNDARY CONDITIONS . . . . . . . .   YES
   TRANSIENT (INERTIA) EFFECTS
      THERMAL DOFS . . . . . . . . . . . . . . . .    ON
   TRANSIENT INTEGRATION PARAMETERS
      THETA. . . . . . . . . . . . . . . . . . . .  1.0000    
      OSCILLATION LIMIT CRITERION. . . . . . . . . 0.50000    
      TOLERANCE. . . . . . . . . . . . . . . . . .  0.0000    
   PRINT OUTPUT CONTROLS . . . . . . . . . . . . .NO PRINTOUT
   DATABASE OUTPUT CONTROLS
      ITEM     FREQUENCY   COMPONENT
       ALL       NONE               
      NSOL        ALL               
      RSOL        ALL               
      EANG        ALL               
      VENG        ALL               
      FFLU        ALL               
      CONT        ALL               
      MISC        ALL       _ELMISC 


 SOLUTION MONITORING INFO IS WRITTEN TO FILE= file.mntr                                                                                                                                                                                                                                                           




            **** CENTER OF MASS, MASS, AND MASS MOMENTS OF INERTIA ****

  CALCULATIONS ASSUME ELEMENT MASS AT ELEMENT CENTROID

  TOTAL MASS =   7.1761    

                           MOM. OF INERTIA         MOM. OF INERTIA
  CENTER OF MASS            ABOUT ORIGIN        ABOUT CENTER OF MASS

  XC = -0.89839E-08      IXX =   0.3839E-01      IXX =   0.3506E-01
  YC =  0.21535E-01      IYY =   0.6635E-01      IYY =   0.6635E-01
  ZC = -0.89854E-07      IZZ =   0.3838E-01      IZZ =   0.3506E-01
                         IXY =   0.3934E-06      IXY =   0.3920E-06
                         IYZ =   0.2226E-05      IYZ =   0.2212E-05
                         IZX =   0.1644E-06      IZX =   0.1644E-06


  *** MASS SUMMARY BY ELEMENT TYPE ***

  TYPE      MASS
     1   7.17606    

 Range of element maximum matrix coefficients in global coordinates
 Maximum = 3.79246583 at element 3185.                                   
 Minimum = 9.998190936E-06 at element 7057.                              

   *** ELEMENT MATRIX FORMULATION TIMES
     TYPE    NUMBER   ENAME      TOTAL CP  AVE CP

        1      3246  SOLID291      0.031   0.000010
        2       199  SURF152       0.016   0.000079
        3       199  SURF152       0.000   0.000000
        4      1930  SURF152       0.016   0.000008
 Time at end of element matrix formulation CP = 0.328125.                

 DISTRIBUTED SPARSE MATRIX DIRECT SOLVER.
  Number of equations =        6421,    Maximum wavefront =     76

  Process memory allocated for solver              =     2.682 MB
  Process memory required for in-core solution     =     2.581 MB
  Process memory required for out-of-core solution =     1.846 MB

  Total memory allocated for solver                =    10.598 MB
  Total memory required for in-core solution       =    10.197 MB
  Total memory required for out-of-core solution   =     7.202 MB

 *** NOTE ***                            CP =       0.359   TIME= 23:44:50
 The Distributed Sparse Matrix Solver is currently running in the        
 in-core memory mode.  This memory mode uses the most amount of memory   
 in order to avoid using the hard drive as much as possible, which most  
 often results in the fastest solution time.  This mode is recommended   
 if enough physical memory is present to accommodate all of the solver   
 data.                                                                   
 Distributed sparse solver maximum pivot= 117.978569 at node 1311 TEMP.  
 Distributed sparse solver minimum pivot= 0.263757994 at node 638 TEMP.  
 Distributed sparse solver minimum pivot in absolute value= 0.263757994  
 at node 638 TEMP.                                                       

   *** ELEMENT RESULT CALCULATION TIMES
     TYPE    NUMBER   ENAME      TOTAL CP  AVE CP

        1      3246  SOLID291      0.016   0.000005
        2       199  SURF152       0.000   0.000000
        3       199  SURF152       0.000   0.000000
        4      1930  SURF152       0.000   0.000000

   *** NODAL LOAD CALCULATION TIMES
     TYPE    NUMBER   ENAME      TOTAL CP  AVE CP

        1      3246  SOLID291      0.000   0.000000
        2       199  SURF152       0.000   0.000000
        3       199  SURF152       0.000   0.000000
        4      1930  SURF152       0.000   0.000000
 *** LOAD STEP     1   SUBSTEP     1  COMPLETED.    CUM ITER =      1
 *** TIME =  0.100000E-01     TIME INC =  0.100000E-01  NEW TRIANG MATRIX
 *** RESPONSE EIGENVALUE =  63.37       OSCILLATION LIMIT = 0.6337    
 *** AUTO TIME STEP:  NEXT TIME INC = 0.78895E-02  DECREASED (FACTOR = 0.7890)

 *** LOAD STEP     1   SUBSTEP     2  COMPLETED.    CUM ITER =      2
 *** TIME =  0.178895E-01     TIME INC =  0.788955E-02  NEW TRIANG MATRIX
 *** RESPONSE EIGENVALUE =  17.63       OSCILLATION LIMIT = 0.1391    
 *** AUTO STEP TIME:  NEXT TIME INC = 0.78895E-02  UNCHANGED

 *** LOAD STEP     1   SUBSTEP     3  COMPLETED.    CUM ITER =      3
 *** TIME =  0.257791E-01     TIME INC =  0.788955E-02  NEW TRIANG MATRIX
 *** RESPONSE EIGENVALUE =  12.15       OSCILLATION LIMIT = 0.9587E-01
 *** AUTO TIME STEP:  NEXT TIME INC = 0.23669E-01  INCREASED (FACTOR = 3.0000)

 *** LOAD STEP     1   SUBSTEP     4  COMPLETED.    CUM ITER =      4
 *** TIME =  0.494477E-01     TIME INC =  0.236686E-01  NEW TRIANG MATRIX
 *** RESPONSE EIGENVALUE =  6.954       OSCILLATION LIMIT = 0.1646    
 *** AUTO TIME STEP:  NEXT TIME INC = 0.71006E-01  INCREASED (FACTOR = 3.0000)

 *** LOAD STEP     1   SUBSTEP     5  COMPLETED.    CUM ITER =      5
 *** TIME =  0.120454         TIME INC =  0.710059E-01  NEW TRIANG MATRIX
 *** RESPONSE EIGENVALUE =  3.011       OSCILLATION LIMIT = 0.2138    
 *** AUTO TIME STEP:  NEXT TIME INC = 0.10000      INCREASED (FACTOR = 1.4083)

 *** LOAD STEP     1   SUBSTEP     6  COMPLETED.    CUM ITER =      6
 *** TIME =  0.220454         TIME INC =  0.100000      NEW TRIANG MATRIX
 *** RESPONSE EIGENVALUE =  1.505       OSCILLATION LIMIT = 0.1505    
 *** AUTO STEP TIME:  NEXT TIME INC = 0.10000      UNCHANGED

 *** LOAD STEP     1   SUBSTEP     7  COMPLETED.    CUM ITER =      7
 *** TIME =  0.320454         TIME INC =  0.100000      NEW TRIANG MATRIX
 *** RESPONSE EIGENVALUE =  1.014       OSCILLATION LIMIT = 0.1014    
 *** AUTO STEP TIME:  NEXT TIME INC = 0.10000      UNCHANGED

 *** LOAD STEP     1   SUBSTEP     8  COMPLETED.    CUM ITER =      8
 *** TIME =  0.420454         TIME INC =  0.100000      NEW TRIANG MATRIX
 *** RESPONSE EIGENVALUE = 0.7942       OSCILLATION LIMIT = 0.7942E-01
 *** AUTO STEP TIME:  NEXT TIME INC = 0.10000      UNCHANGED

 *** LOAD STEP     1   SUBSTEP     9  COMPLETED.    CUM ITER =      9
 *** TIME =  0.520454         TIME INC =  0.100000      NEW TRIANG MATRIX
 *** RESPONSE EIGENVALUE = 0.6589       OSCILLATION LIMIT = 0.6589E-01
 *** AUTO STEP TIME:  NEXT TIME INC = 0.10000      UNCHANGED

 *** LOAD STEP     1   SUBSTEP    10  COMPLETED.    CUM ITER =     10
 *** TIME =  0.620454         TIME INC =  0.100000      NEW TRIANG MATRIX
 *** RESPONSE EIGENVALUE = 0.5562       OSCILLATION LIMIT = 0.5562E-01
 *** AUTO STEP TIME:  NEXT TIME INC = 0.10000      UNCHANGED

 *** LOAD STEP     1   SUBSTEP    11  COMPLETED.    CUM ITER =     11
 *** TIME =  0.720454         TIME INC =  0.100000      NEW TRIANG MATRIX
 *** RESPONSE EIGENVALUE = 0.4705       OSCILLATION LIMIT = 0.4705E-01
 *** AUTO STEP TIME:  NEXT TIME INC = 0.10000      UNCHANGED

 *** LOAD STEP     1   SUBSTEP    12  COMPLETED.    CUM ITER =     12
 *** TIME =  0.820454         TIME INC =  0.100000      NEW TRIANG MATRIX
 *** RESPONSE EIGENVALUE = 0.3969       OSCILLATION LIMIT = 0.3969E-01
 *** AUTO STEP TIME:  NEXT TIME INC = 0.10000      UNCHANGED

 *** LOAD STEP     1   SUBSTEP    13  COMPLETED.    CUM ITER =     13
 *** TIME =  0.920454         TIME INC =  0.100000      NEW TRIANG MATRIX
 *** RESPONSE EIGENVALUE = 0.3335       OSCILLATION LIMIT = 0.3335E-01
 *** AUTO TIME STEP:  NEXT TIME INC = 0.79546E-01  DECREASED (FACTOR = 0.7955)

 *** LOAD STEP     1   SUBSTEP    14  COMPLETED.    CUM ITER =     14
 *** TIME =   1.00000         TIME INC =  0.795463E-01  NEW TRIANG MATRIX
 *** RESPONSE EIGENVALUE = 0.2890       OSCILLATION LIMIT = 0.2299E-01


 *** MAPDL BINARY FILE STATISTICS
  BUFFER SIZE USED= 16384
        0.188 MB WRITTEN ON ELEMENT SAVED DATA FILE: file0.esav
        0.500 MB WRITTEN ON ASSEMBLED MATRIX FILE: file0.full
        3.688 MB WRITTEN ON RESULTS FILE: file0.rth
 *************** Write FE CONNECTORS *********

 WRITE OUT CONSTRAINT EQUATIONS TO FILE= file.ce                                                                                                                                                                                                                                                             
 ****************************************************
 *************** FINISHED SOLVE FOR LS 1 *************
 ****************************************************
 ******************* SOLVE FOR LS 2 OF 5 ****************

 PRINTOUT RESUMED BY /GOP

 USE AUTOMATIC TIME STEPPING THIS LOAD STEP

 USE     100 SUBSTEPS INITIALLY THIS LOAD STEP FOR ALL  DEGREES OF FREEDOM
 FOR AUTOMATIC TIME STEPPING:
   USE   1000 SUBSTEPS AS A MAXIMUM
   USE     10 SUBSTEPS AS A MINIMUM

 TIME=  2.0000    

 INCLUDE TRANSIENT EFFECTS FOR  ALL DEGREES OF FREEDOM THIS LOAD STEP

 ERASE THE CURRENT DATABASE OUTPUT CONTROL TABLE.


 WRITE ALL  ITEMS TO THE DATABASE WITH A FREQUENCY OF NONE
   FOR ALL APPLICABLE ENTITIES

 WRITE NSOL ITEMS TO THE DATABASE WITH A FREQUENCY OF ALL 
   FOR ALL APPLICABLE ENTITIES

 WRITE RSOL ITEMS TO THE DATABASE WITH A FREQUENCY OF ALL 
   FOR ALL APPLICABLE ENTITIES

 WRITE EANG ITEMS TO THE DATABASE WITH A FREQUENCY OF ALL 
   FOR ALL APPLICABLE ENTITIES

 WRITE VENG ITEMS TO THE DATABASE WITH A FREQUENCY OF ALL 
   FOR ALL APPLICABLE ENTITIES

 WRITE FFLU ITEMS TO THE DATABASE WITH A FREQUENCY OF ALL 
   FOR ALL APPLICABLE ENTITIES

 WRITE CONT ITEMS TO THE DATABASE WITH A FREQUENCY OF ALL 
   FOR ALL APPLICABLE ENTITIES

 WRITE MISC ITEMS TO THE DATABASE WITH A FREQUENCY OF ALL 
   FOR THE ENTITIES DEFINED BY COMPONENT _ELMISC 

 CONVERGENCE ON HEAT BASED ON THE NORM OF THE N-R LOAD
   WITH A TOLERANCE OF 0.1000E-02 AND A MINIMUM REFERENCE VALUE OF 0.1000E-05
   USING THE L2 NORM (CHECK THE SRSS VALUE)

 *****  MAPDL SOLVE    COMMAND  *****

 *** WARNING ***                         CP =       0.703   TIME= 23:44:51
 Material number 2 (used by element 5177) should normally have at least  
 one MP or one TB type command associated with it.  Output of energy by  
 material may not be available.                                          

 *** NOTE ***                            CP =       0.703   TIME= 23:44:51
 The step data was checked and warning messages were found.              
  Please review output or errors file (                                  
 C:\Users\poitz\Repos\MAE598\Project2\_ProjectScratch\Scr61E2\file0.err  
 ) for these warning messages.                                           

 *** MAPDL - ENGINEERING ANALYSIS SYSTEM  RELEASE 2022 R2          22.2     ***
 Ansys Mechanical Enterprise Academic Student      
 00000000  VERSION=WINDOWS x64   23:44:51  DEC 08, 2022 CP=      0.766

 Project--Transient Thermal (C5)                                               



                      L O A D   S T E P   O P T I O N S

   LOAD STEP NUMBER. . . . . . . . . . . . . . . .     2
   TIME AT END OF THE LOAD STEP. . . . . . . . . .  2.0000    
   AUTOMATIC TIME STEPPING . . . . . . . . . . . .    ON
      INITIAL NUMBER OF SUBSTEPS . . . . . . . . .   100
      MAXIMUM NUMBER OF SUBSTEPS . . . . . . . . .  1000
      MINIMUM NUMBER OF SUBSTEPS . . . . . . . . .    10
   STEP CHANGE BOUNDARY CONDITIONS . . . . . . . .   YES
   TRANSIENT (INERTIA) EFFECTS
      THERMAL DOFS . . . . . . . . . . . . . . . .    ON
   TRANSIENT INTEGRATION PARAMETERS
      THETA. . . . . . . . . . . . . . . . . . . .  1.0000    
      OSCILLATION LIMIT CRITERION. . . . . . . . . 0.50000    
      TOLERANCE. . . . . . . . . . . . . . . . . .  0.0000    
   PRINT OUTPUT CONTROLS . . . . . . . . . . . . .NO PRINTOUT
   DATABASE OUTPUT CONTROLS
      ITEM     FREQUENCY   COMPONENT
       ALL       NONE               
      NSOL        ALL               
      RSOL        ALL               
      EANG        ALL               
      VENG        ALL               
      FFLU        ALL               
      CONT        ALL               
      MISC        ALL       _ELMISC 


 SOLUTION MONITORING INFO IS WRITTEN TO FILE= file.mntr                                                                                                                                                                                                                                                           

 *** LOAD STEP     2   SUBSTEP     1  COMPLETED.    CUM ITER =     15
 *** TIME =   1.01000         TIME INC =  0.100000E-01  NEW TRIANG MATRIX
 *** RESPONSE EIGENVALUE = 0.2835       OSCILLATION LIMIT = 0.2835E-02
 *** AUTO STEP TIME:  NEXT TIME INC = 0.10000E-01  UNCHANGED

 *** LOAD STEP     2   SUBSTEP     2  COMPLETED.    CUM ITER =     16
 *** TIME =   1.02000         TIME INC =  0.100000E-01  NEW TRIANG MATRIX
 *** RESPONSE EIGENVALUE = 0.2781       OSCILLATION LIMIT = 0.2781E-02
 *** AUTO TIME STEP:  NEXT TIME INC = 0.30000E-01  INCREASED (FACTOR = 3.0000)

 *** LOAD STEP     2   SUBSTEP     3  COMPLETED.    CUM ITER =     17
 *** TIME =   1.05000         TIME INC =  0.300000E-01  NEW TRIANG MATRIX
 *** RESPONSE EIGENVALUE = 0.2628       OSCILLATION LIMIT = 0.7885E-02
 *** AUTO TIME STEP:  NEXT TIME INC = 0.90000E-01  INCREASED (FACTOR = 3.0000)

 *** LOAD STEP     2   SUBSTEP     4  COMPLETED.    CUM ITER =     18
 *** TIME =   1.14000         TIME INC =  0.900000E-01  NEW TRIANG MATRIX
 *** RESPONSE EIGENVALUE = 0.2231       OSCILLATION LIMIT = 0.2007E-01
 *** AUTO TIME STEP:  NEXT TIME INC = 0.10000      INCREASED (FACTOR = 1.1111)

 *** LOAD STEP     2   SUBSTEP     5  COMPLETED.    CUM ITER =     19
 *** TIME =   1.24000         TIME INC =  0.100000      NEW TRIANG MATRIX
 *** RESPONSE EIGENVALUE = 0.1859       OSCILLATION LIMIT = 0.1859E-01
 *** AUTO STEP TIME:  NEXT TIME INC = 0.10000      UNCHANGED

 *** LOAD STEP     2   SUBSTEP     6  COMPLETED.    CUM ITER =     20
 *** TIME =   1.34000         TIME INC =  0.100000      NEW TRIANG MATRIX
 *** RESPONSE EIGENVALUE = 0.1549       OSCILLATION LIMIT = 0.1549E-01
 *** AUTO STEP TIME:  NEXT TIME INC = 0.10000      UNCHANGED

 *** LOAD STEP     2   SUBSTEP     7  COMPLETED.    CUM ITER =     21
 *** TIME =   1.44000         TIME INC =  0.100000      NEW TRIANG MATRIX
 *** RESPONSE EIGENVALUE = 0.1293       OSCILLATION LIMIT = 0.1293E-01
 *** AUTO STEP TIME:  NEXT TIME INC = 0.10000      UNCHANGED

 *** LOAD STEP     2   SUBSTEP     8  COMPLETED.    CUM ITER =     22
 *** TIME =   1.54000         TIME INC =  0.100000      NEW TRIANG MATRIX
 *** RESPONSE EIGENVALUE = 0.1083       OSCILLATION LIMIT = 0.1083E-01
 *** AUTO STEP TIME:  NEXT TIME INC = 0.10000      UNCHANGED

 *** LOAD STEP     2   SUBSTEP     9  COMPLETED.    CUM ITER =     23
 *** TIME =   1.64000         TIME INC =  0.100000      NEW TRIANG MATRIX
 *** RESPONSE EIGENVALUE = 0.9114E-01   OSCILLATION LIMIT = 0.9114E-02
 *** AUTO STEP TIME:  NEXT TIME INC = 0.10000      UNCHANGED

 *** LOAD STEP     2   SUBSTEP    10  COMPLETED.    CUM ITER =     24
 *** TIME =   1.74000         TIME INC =  0.100000      NEW TRIANG MATRIX
 *** RESPONSE EIGENVALUE = 0.7711E-01   OSCILLATION LIMIT = 0.7711E-02
 *** AUTO STEP TIME:  NEXT TIME INC = 0.10000      UNCHANGED

 *** LOAD STEP     2   SUBSTEP    11  COMPLETED.    CUM ITER =     25
 *** TIME =   1.84000         TIME INC =  0.100000      NEW TRIANG MATRIX
 *** RESPONSE EIGENVALUE = 0.6569E-01   OSCILLATION LIMIT = 0.6569E-02
 *** AUTO STEP TIME:  NEXT TIME INC = 0.10000      UNCHANGED

 *** LOAD STEP     2   SUBSTEP    12  COMPLETED.    CUM ITER =     26
 *** TIME =   1.94000         TIME INC =  0.100000      NEW TRIANG MATRIX
 *** RESPONSE EIGENVALUE = 0.5640E-01   OSCILLATION LIMIT = 0.5640E-02
 *** AUTO TIME STEP:  NEXT TIME INC = 0.60000E-01  DECREASED (FACTOR = 0.6000)

 *** LOAD STEP     2   SUBSTEP    13  COMPLETED.    CUM ITER =     27
 *** TIME =   2.00000         TIME INC =  0.600000E-01  NEW TRIANG MATRIX
 *** RESPONSE EIGENVALUE = 0.5157E-01   OSCILLATION LIMIT = 0.3094E-02
 ****************************************************
 *************** FINISHED SOLVE FOR LS 2 *************
 ****************************************************
 ******************* SOLVE FOR LS 3 OF 5 ****************

 PRINTOUT RESUMED BY /GOP

 USE AUTOMATIC TIME STEPPING THIS LOAD STEP

 USE     100 SUBSTEPS INITIALLY THIS LOAD STEP FOR ALL  DEGREES OF FREEDOM
 FOR AUTOMATIC TIME STEPPING:
   USE   1000 SUBSTEPS AS A MAXIMUM
   USE     10 SUBSTEPS AS A MINIMUM

 TIME=  3.0000    

 INCLUDE TRANSIENT EFFECTS FOR  ALL DEGREES OF FREEDOM THIS LOAD STEP

 ERASE THE CURRENT DATABASE OUTPUT CONTROL TABLE.


 WRITE ALL  ITEMS TO THE DATABASE WITH A FREQUENCY OF NONE
   FOR ALL APPLICABLE ENTITIES

 WRITE NSOL ITEMS TO THE DATABASE WITH A FREQUENCY OF ALL 
   FOR ALL APPLICABLE ENTITIES

 WRITE RSOL ITEMS TO THE DATABASE WITH A FREQUENCY OF ALL 
   FOR ALL APPLICABLE ENTITIES

 WRITE EANG ITEMS TO THE DATABASE WITH A FREQUENCY OF ALL 
   FOR ALL APPLICABLE ENTITIES

 WRITE VENG ITEMS TO THE DATABASE WITH A FREQUENCY OF ALL 
   FOR ALL APPLICABLE ENTITIES

 WRITE FFLU ITEMS TO THE DATABASE WITH A FREQUENCY OF ALL 
   FOR ALL APPLICABLE ENTITIES

 WRITE CONT ITEMS TO THE DATABASE WITH A FREQUENCY OF ALL 
   FOR ALL APPLICABLE ENTITIES

 WRITE MISC ITEMS TO THE DATABASE WITH A FREQUENCY OF ALL 
   FOR THE ENTITIES DEFINED BY COMPONENT _ELMISC 

 CONVERGENCE ON HEAT BASED ON THE NORM OF THE N-R LOAD
   WITH A TOLERANCE OF 0.1000E-02 AND A MINIMUM REFERENCE VALUE OF 0.1000E-05
   USING THE L2 NORM (CHECK THE SRSS VALUE)

 *****  MAPDL SOLVE    COMMAND  *****

 *** WARNING ***                         CP =       1.266   TIME= 23:44:52
 Material number 2 (used by element 5177) should normally have at least  
 one MP or one TB type command associated with it.  Output of energy by  
 material may not be available.                                          

 *** NOTE ***                            CP =       1.312   TIME= 23:44:52
 The step data was checked and warning messages were found.              
  Please review output or errors file (                                  
 C:\Users\poitz\Repos\MAE598\Project2\_ProjectScratch\Scr61E2\file0.err  
 ) for these warning messages.                                           

 *** MAPDL - ENGINEERING ANALYSIS SYSTEM  RELEASE 2022 R2          22.2     ***
 Ansys Mechanical Enterprise Academic Student      
 00000000  VERSION=WINDOWS x64   23:44:52  DEC 08, 2022 CP=      1.484

 Project--Transient Thermal (C5)                                               



                      L O A D   S T E P   O P T I O N S

   LOAD STEP NUMBER. . . . . . . . . . . . . . . .     3
   TIME AT END OF THE LOAD STEP. . . . . . . . . .  3.0000    
   AUTOMATIC TIME STEPPING . . . . . . . . . . . .    ON
      INITIAL NUMBER OF SUBSTEPS . . . . . . . . .   100
      MAXIMUM NUMBER OF SUBSTEPS . . . . . . . . .  1000
      MINIMUM NUMBER OF SUBSTEPS . . . . . . . . .    10
   STEP CHANGE BOUNDARY CONDITIONS . . . . . . . .   YES
   TRANSIENT (INERTIA) EFFECTS
      THERMAL DOFS . . . . . . . . . . . . . . . .    ON
   TRANSIENT INTEGRATION PARAMETERS
      THETA. . . . . . . . . . . . . . . . . . . .  1.0000    
      OSCILLATION LIMIT CRITERION. . . . . . . . . 0.50000    
      TOLERANCE. . . . . . . . . . . . . . . . . .  0.0000    
   PRINT OUTPUT CONTROLS . . . . . . . . . . . . .NO PRINTOUT
   DATABASE OUTPUT CONTROLS
      ITEM     FREQUENCY   COMPONENT
       ALL       NONE               
      NSOL        ALL               
      RSOL        ALL               
      EANG        ALL               
      VENG        ALL               
      FFLU        ALL               
      CONT        ALL               
      MISC        ALL       _ELMISC 


 SOLUTION MONITORING INFO IS WRITTEN TO FILE= file.mntr                                                                                                                                                                                                                                                           

 *** LOAD STEP     3   SUBSTEP     1  COMPLETED.    CUM ITER =     28
 *** TIME =   2.01000         TIME INC =  0.100000E-01  NEW TRIANG MATRIX
 *** RESPONSE EIGENVALUE = 0.5081E-01   OSCILLATION LIMIT = 0.5081E-03
 *** AUTO STEP TIME:  NEXT TIME INC = 0.10000E-01  UNCHANGED

 *** LOAD STEP     3   SUBSTEP     2  COMPLETED.    CUM ITER =     29
 *** TIME =   2.02000         TIME INC =  0.100000E-01  NEW TRIANG MATRIX
 *** RESPONSE EIGENVALUE = 0.5006E-01   OSCILLATION LIMIT = 0.5006E-03
 *** AUTO TIME STEP:  NEXT TIME INC = 0.30000E-01  INCREASED (FACTOR = 3.0000)

 *** LOAD STEP     3   SUBSTEP     3  COMPLETED.    CUM ITER =     30
 *** TIME =   2.05000         TIME INC =  0.300000E-01  NEW TRIANG MATRIX
 *** RESPONSE EIGENVALUE = 0.4792E-01   OSCILLATION LIMIT = 0.1438E-02
 *** AUTO TIME STEP:  NEXT TIME INC = 0.90000E-01  INCREASED (FACTOR = 3.0000)

 *** LOAD STEP     3   SUBSTEP     4  COMPLETED.    CUM ITER =     31
 *** TIME =   2.14000         TIME INC =  0.900000E-01  NEW TRIANG MATRIX
 *** RESPONSE EIGENVALUE = 0.4245E-01   OSCILLATION LIMIT = 0.3821E-02
 *** AUTO TIME STEP:  NEXT TIME INC = 0.10000      INCREASED (FACTOR = 1.1111)

 *** LOAD STEP     3   SUBSTEP     5  COMPLETED.    CUM ITER =     32
 *** TIME =   2.24000         TIME INC =  0.100000      NEW TRIANG MATRIX
 *** RESPONSE EIGENVALUE = 0.3747E-01   OSCILLATION LIMIT = 0.3747E-02
 *** AUTO STEP TIME:  NEXT TIME INC = 0.10000      UNCHANGED

 *** LOAD STEP     3   SUBSTEP     6  COMPLETED.    CUM ITER =     33
 *** TIME =   2.34000         TIME INC =  0.100000      NEW TRIANG MATRIX
 *** RESPONSE EIGENVALUE = 0.3339E-01   OSCILLATION LIMIT = 0.3339E-02
 *** AUTO STEP TIME:  NEXT TIME INC = 0.10000      UNCHANGED

 *** LOAD STEP     3   SUBSTEP     7  COMPLETED.    CUM ITER =     34
 *** TIME =   2.44000         TIME INC =  0.100000      NEW TRIANG MATRIX
 *** RESPONSE EIGENVALUE = 0.3004E-01   OSCILLATION LIMIT = 0.3004E-02
 *** AUTO STEP TIME:  NEXT TIME INC = 0.10000      UNCHANGED

 *** LOAD STEP     3   SUBSTEP     8  COMPLETED.    CUM ITER =     35
 *** TIME =   2.54000         TIME INC =  0.100000      NEW TRIANG MATRIX
 *** RESPONSE EIGENVALUE = 0.2728E-01   OSCILLATION LIMIT = 0.2728E-02
 *** AUTO STEP TIME:  NEXT TIME INC = 0.10000      UNCHANGED

 *** LOAD STEP     3   SUBSTEP     9  COMPLETED.    CUM ITER =     36
 *** TIME =   2.64000         TIME INC =  0.100000      NEW TRIANG MATRIX
 *** RESPONSE EIGENVALUE = 0.2498E-01   OSCILLATION LIMIT = 0.2498E-02
 *** AUTO STEP TIME:  NEXT TIME INC = 0.10000      UNCHANGED

 *** LOAD STEP     3   SUBSTEP    10  COMPLETED.    CUM ITER =     37
 *** TIME =   2.74000         TIME INC =  0.100000      NEW TRIANG MATRIX
 *** RESPONSE EIGENVALUE = 0.2307E-01   OSCILLATION LIMIT = 0.2307E-02
 *** AUTO STEP TIME:  NEXT TIME INC = 0.10000      UNCHANGED

 *** LOAD STEP     3   SUBSTEP    11  COMPLETED.    CUM ITER =     38
 *** TIME =   2.84000         TIME INC =  0.100000      NEW TRIANG MATRIX
 *** RESPONSE EIGENVALUE = 0.2147E-01   OSCILLATION LIMIT = 0.2147E-02
 *** AUTO STEP TIME:  NEXT TIME INC = 0.10000      UNCHANGED

 *** LOAD STEP     3   SUBSTEP    12  COMPLETED.    CUM ITER =     39
 *** TIME =   2.94000         TIME INC =  0.100000      NEW TRIANG MATRIX
 *** RESPONSE EIGENVALUE = 0.2011E-01   OSCILLATION LIMIT = 0.2011E-02
 *** AUTO TIME STEP:  NEXT TIME INC = 0.60000E-01  DECREASED (FACTOR = 0.6000)

 *** LOAD STEP     3   SUBSTEP    13  COMPLETED.    CUM ITER =     40
 *** TIME =   3.00000         TIME INC =  0.600000E-01  NEW TRIANG MATRIX
 *** RESPONSE EIGENVALUE = 0.1939E-01   OSCILLATION LIMIT = 0.1163E-02
 ****************************************************
 *************** FINISHED SOLVE FOR LS 3 *************
 ****************************************************
 ******************* SOLVE FOR LS 4 OF 5 ****************

 PRINTOUT RESUMED BY /GOP

 USE AUTOMATIC TIME STEPPING THIS LOAD STEP

 USE     100 SUBSTEPS INITIALLY THIS LOAD STEP FOR ALL  DEGREES OF FREEDOM
 FOR AUTOMATIC TIME STEPPING:
   USE   1000 SUBSTEPS AS A MAXIMUM
   USE     10 SUBSTEPS AS A MINIMUM

 TIME=  4.0000    

 INCLUDE TRANSIENT EFFECTS FOR  ALL DEGREES OF FREEDOM THIS LOAD STEP

 ERASE THE CURRENT DATABASE OUTPUT CONTROL TABLE.


 WRITE ALL  ITEMS TO THE DATABASE WITH A FREQUENCY OF NONE
   FOR ALL APPLICABLE ENTITIES

 WRITE NSOL ITEMS TO THE DATABASE WITH A FREQUENCY OF ALL 
   FOR ALL APPLICABLE ENTITIES

 WRITE RSOL ITEMS TO THE DATABASE WITH A FREQUENCY OF ALL 
   FOR ALL APPLICABLE ENTITIES

 WRITE EANG ITEMS TO THE DATABASE WITH A FREQUENCY OF ALL 
   FOR ALL APPLICABLE ENTITIES

 WRITE VENG ITEMS TO THE DATABASE WITH A FREQUENCY OF ALL 
   FOR ALL APPLICABLE ENTITIES

 WRITE FFLU ITEMS TO THE DATABASE WITH A FREQUENCY OF ALL 
   FOR ALL APPLICABLE ENTITIES

 WRITE CONT ITEMS TO THE DATABASE WITH A FREQUENCY OF ALL 
   FOR ALL APPLICABLE ENTITIES

 WRITE MISC ITEMS TO THE DATABASE WITH A FREQUENCY OF ALL 
   FOR THE ENTITIES DEFINED BY COMPONENT _ELMISC 

 CONVERGENCE ON HEAT BASED ON THE NORM OF THE N-R LOAD
   WITH A TOLERANCE OF 0.1000E-02 AND A MINIMUM REFERENCE VALUE OF 0.1000E-05
   USING THE L2 NORM (CHECK THE SRSS VALUE)

 *****  MAPDL SOLVE    COMMAND  *****

 *** WARNING ***                         CP =       2.266   TIME= 23:44:53
 Material number 2 (used by element 5177) should normally have at least  
 one MP or one TB type command associated with it.  Output of energy by  
 material may not be available.                                          

 *** NOTE ***                            CP =       2.266   TIME= 23:44:53
 The step data was checked and warning messages were found.              
  Please review output or errors file (                                  
 C:\Users\poitz\Repos\MAE598\Project2\_ProjectScratch\Scr61E2\file0.err  
 ) for these warning messages.                                           

 *** MAPDL - ENGINEERING ANALYSIS SYSTEM  RELEASE 2022 R2          22.2     ***
 Ansys Mechanical Enterprise Academic Student      
 00000000  VERSION=WINDOWS x64   23:44:53  DEC 08, 2022 CP=      2.391

 Project--Transient Thermal (C5)                                               



                      L O A D   S T E P   O P T I O N S

   LOAD STEP NUMBER. . . . . . . . . . . . . . . .     4
   TIME AT END OF THE LOAD STEP. . . . . . . . . .  4.0000    
   AUTOMATIC TIME STEPPING . . . . . . . . . . . .    ON
      INITIAL NUMBER OF SUBSTEPS . . . . . . . . .   100
      MAXIMUM NUMBER OF SUBSTEPS . . . . . . . . .  1000
      MINIMUM NUMBER OF SUBSTEPS . . . . . . . . .    10
   STEP CHANGE BOUNDARY CONDITIONS . . . . . . . .   YES
   TRANSIENT (INERTIA) EFFECTS
      THERMAL DOFS . . . . . . . . . . . . . . . .    ON
   TRANSIENT INTEGRATION PARAMETERS
      THETA. . . . . . . . . . . . . . . . . . . .  1.0000    
      OSCILLATION LIMIT CRITERION. . . . . . . . . 0.50000    
      TOLERANCE. . . . . . . . . . . . . . . . . .  0.0000    
   PRINT OUTPUT CONTROLS . . . . . . . . . . . . .NO PRINTOUT
   DATABASE OUTPUT CONTROLS
      ITEM     FREQUENCY   COMPONENT
       ALL       NONE               
      NSOL        ALL               
      RSOL        ALL               
      EANG        ALL               
      VENG        ALL               
      FFLU        ALL               
      CONT        ALL               
      MISC        ALL       _ELMISC 


 SOLUTION MONITORING INFO IS WRITTEN TO FILE= file.mntr                                                                                                                                                                                                                                                           

 *** LOAD STEP     4   SUBSTEP     1  COMPLETED.    CUM ITER =     41
 *** TIME =   3.01000         TIME INC =  0.100000E-01  NEW TRIANG MATRIX
 *** RESPONSE EIGENVALUE = 0.1927E-01   OSCILLATION LIMIT = 0.1927E-03
 *** AUTO STEP TIME:  NEXT TIME INC = 0.10000E-01  UNCHANGED

 *** LOAD STEP     4   SUBSTEP     2  COMPLETED.    CUM ITER =     42
 *** TIME =   3.02000         TIME INC =  0.100000E-01  NEW TRIANG MATRIX
 *** RESPONSE EIGENVALUE = 0.1916E-01   OSCILLATION LIMIT = 0.1916E-03
 *** AUTO TIME STEP:  NEXT TIME INC = 0.30000E-01  INCREASED (FACTOR = 3.0000)

 *** LOAD STEP     4   SUBSTEP     3  COMPLETED.    CUM ITER =     43
 *** TIME =   3.05000         TIME INC =  0.300000E-01  NEW TRIANG MATRIX
 *** RESPONSE EIGENVALUE = 0.1883E-01   OSCILLATION LIMIT = 0.5648E-03
 *** AUTO TIME STEP:  NEXT TIME INC = 0.90000E-01  INCREASED (FACTOR = 3.0000)

 *** LOAD STEP     4   SUBSTEP     4  COMPLETED.    CUM ITER =     44
 *** TIME =   3.14000         TIME INC =  0.900000E-01  NEW TRIANG MATRIX
 *** RESPONSE EIGENVALUE = 0.1794E-01   OSCILLATION LIMIT = 0.1615E-02
 *** AUTO TIME STEP:  NEXT TIME INC = 0.10000      INCREASED (FACTOR = 1.1111)

 *** LOAD STEP     4   SUBSTEP     5  COMPLETED.    CUM ITER =     45
 *** TIME =   3.24000         TIME INC =  0.100000      NEW TRIANG MATRIX
 *** RESPONSE EIGENVALUE = 0.1709E-01   OSCILLATION LIMIT = 0.1709E-02
 *** AUTO STEP TIME:  NEXT TIME INC = 0.10000      UNCHANGED

 *** LOAD STEP     4   SUBSTEP     6  COMPLETED.    CUM ITER =     46
 *** TIME =   3.34000         TIME INC =  0.100000      NEW TRIANG MATRIX
 *** RESPONSE EIGENVALUE = 0.1634E-01   OSCILLATION LIMIT = 0.1634E-02
 *** AUTO STEP TIME:  NEXT TIME INC = 0.10000      UNCHANGED

 *** LOAD STEP     4   SUBSTEP     7  COMPLETED.    CUM ITER =     47
 *** TIME =   3.44000         TIME INC =  0.100000      NEW TRIANG MATRIX
 *** RESPONSE EIGENVALUE = 0.1569E-01   OSCILLATION LIMIT = 0.1569E-02
 *** AUTO STEP TIME:  NEXT TIME INC = 0.10000      UNCHANGED

 *** LOAD STEP     4   SUBSTEP     8  COMPLETED.    CUM ITER =     48
 *** TIME =   3.54000         TIME INC =  0.100000      NEW TRIANG MATRIX
 *** RESPONSE EIGENVALUE = 0.1510E-01   OSCILLATION LIMIT = 0.1510E-02
 *** AUTO STEP TIME:  NEXT TIME INC = 0.10000      UNCHANGED

 *** LOAD STEP     4   SUBSTEP     9  COMPLETED.    CUM ITER =     49
 *** TIME =   3.64000         TIME INC =  0.100000      NEW TRIANG MATRIX
 *** RESPONSE EIGENVALUE = 0.1458E-01   OSCILLATION LIMIT = 0.1458E-02
 *** AUTO STEP TIME:  NEXT TIME INC = 0.10000      UNCHANGED

 *** LOAD STEP     4   SUBSTEP    10  COMPLETED.    CUM ITER =     50
 *** TIME =   3.74000         TIME INC =  0.100000      NEW TRIANG MATRIX
 *** RESPONSE EIGENVALUE = 0.1410E-01   OSCILLATION LIMIT = 0.1410E-02
 *** AUTO STEP TIME:  NEXT TIME INC = 0.10000      UNCHANGED

 *** LOAD STEP     4   SUBSTEP    11  COMPLETED.    CUM ITER =     51
 *** TIME =   3.84000         TIME INC =  0.100000      NEW TRIANG MATRIX
 *** RESPONSE EIGENVALUE = 0.1367E-01   OSCILLATION LIMIT = 0.1367E-02
 *** AUTO STEP TIME:  NEXT TIME INC = 0.10000      UNCHANGED

 *** LOAD STEP     4   SUBSTEP    12  COMPLETED.    CUM ITER =     52
 *** TIME =   3.94000         TIME INC =  0.100000      NEW TRIANG MATRIX
 *** RESPONSE EIGENVALUE = 0.1328E-01   OSCILLATION LIMIT = 0.1328E-02
 *** AUTO TIME STEP:  NEXT TIME INC = 0.60000E-01  DECREASED (FACTOR = 0.6000)

 *** LOAD STEP     4   SUBSTEP    13  COMPLETED.    CUM ITER =     53
 *** TIME =   4.00000         TIME INC =  0.600000E-01  NEW TRIANG MATRIX
 *** RESPONSE EIGENVALUE = 0.1305E-01   OSCILLATION LIMIT = 0.7833E-03
 ****************************************************
 *************** FINISHED SOLVE FOR LS 4 *************
 ****************************************************
 ******************* SOLVE FOR LS 5 OF 5 ****************

 PRINTOUT RESUMED BY /GOP

 USE AUTOMATIC TIME STEPPING THIS LOAD STEP

 USE     100 SUBSTEPS INITIALLY THIS LOAD STEP FOR ALL  DEGREES OF FREEDOM
 FOR AUTOMATIC TIME STEPPING:
   USE   1000 SUBSTEPS AS A MAXIMUM
   USE     10 SUBSTEPS AS A MINIMUM

 TIME=  5.0000    

 INCLUDE TRANSIENT EFFECTS FOR  ALL DEGREES OF FREEDOM THIS LOAD STEP

 ERASE THE CURRENT DATABASE OUTPUT CONTROL TABLE.


 WRITE ALL  ITEMS TO THE DATABASE WITH A FREQUENCY OF NONE
   FOR ALL APPLICABLE ENTITIES

 WRITE NSOL ITEMS TO THE DATABASE WITH A FREQUENCY OF ALL 
   FOR ALL APPLICABLE ENTITIES

 WRITE RSOL ITEMS TO THE DATABASE WITH A FREQUENCY OF ALL 
   FOR ALL APPLICABLE ENTITIES

 WRITE EANG ITEMS TO THE DATABASE WITH A FREQUENCY OF ALL 
   FOR ALL APPLICABLE ENTITIES

 WRITE VENG ITEMS TO THE DATABASE WITH A FREQUENCY OF ALL 
   FOR ALL APPLICABLE ENTITIES

 WRITE FFLU ITEMS TO THE DATABASE WITH A FREQUENCY OF ALL 
   FOR ALL APPLICABLE ENTITIES

 WRITE CONT ITEMS TO THE DATABASE WITH A FREQUENCY OF ALL 
   FOR ALL APPLICABLE ENTITIES

 WRITE MISC ITEMS TO THE DATABASE WITH A FREQUENCY OF ALL 
   FOR THE ENTITIES DEFINED BY COMPONENT _ELMISC 

 CONVERGENCE ON HEAT BASED ON THE NORM OF THE N-R LOAD
   WITH A TOLERANCE OF 0.1000E-02 AND A MINIMUM REFERENCE VALUE OF 0.1000E-05
   USING THE L2 NORM (CHECK THE SRSS VALUE)

 *****  MAPDL SOLVE    COMMAND  *****

 *** WARNING ***                         CP =       3.125   TIME= 23:44:54
 Material number 2 (used by element 5177) should normally have at least  
 one MP or one TB type command associated with it.  Output of energy by  
 material may not be available.                                          

 *** NOTE ***                            CP =       3.141   TIME= 23:44:54
 The step data was checked and warning messages were found.              
  Please review output or errors file (                                  
 C:\Users\poitz\Repos\MAE598\Project2\_ProjectScratch\Scr61E2\file0.err  
 ) for these warning messages.                                           

 *** MAPDL - ENGINEERING ANALYSIS SYSTEM  RELEASE 2022 R2          22.2     ***
 Ansys Mechanical Enterprise Academic Student      
 00000000  VERSION=WINDOWS x64   23:44:54  DEC 08, 2022 CP=      3.203

 Project--Transient Thermal (C5)                                               



                      L O A D   S T E P   O P T I O N S

   LOAD STEP NUMBER. . . . . . . . . . . . . . . .     5
   TIME AT END OF THE LOAD STEP. . . . . . . . . .  5.0000    
   AUTOMATIC TIME STEPPING . . . . . . . . . . . .    ON
      INITIAL NUMBER OF SUBSTEPS . . . . . . . . .   100
      MAXIMUM NUMBER OF SUBSTEPS . . . . . . . . .  1000
      MINIMUM NUMBER OF SUBSTEPS . . . . . . . . .    10
   STEP CHANGE BOUNDARY CONDITIONS . . . . . . . .   YES
   TRANSIENT (INERTIA) EFFECTS
      THERMAL DOFS . . . . . . . . . . . . . . . .    ON
   TRANSIENT INTEGRATION PARAMETERS
      THETA. . . . . . . . . . . . . . . . . . . .  1.0000    
      OSCILLATION LIMIT CRITERION. . . . . . . . . 0.50000    
      TOLERANCE. . . . . . . . . . . . . . . . . .  0.0000    
   PRINT OUTPUT CONTROLS . . . . . . . . . . . . .NO PRINTOUT
   DATABASE OUTPUT CONTROLS
      ITEM     FREQUENCY   COMPONENT
       ALL       NONE               
      NSOL        ALL               
      RSOL        ALL               
      EANG        ALL               
      VENG        ALL               
      FFLU        ALL               
      CONT        ALL               
      MISC        ALL       _ELMISC 


 SOLUTION MONITORING INFO IS WRITTEN TO FILE= file.mntr                                                                                                                                                                                                                                                           

 *** LOAD STEP     5   SUBSTEP     1  COMPLETED.    CUM ITER =     54
 *** TIME =   4.01000         TIME INC =  0.100000E-01  NEW TRIANG MATRIX
 *** RESPONSE EIGENVALUE = 0.1302E-01   OSCILLATION LIMIT = 0.1302E-03
 *** AUTO STEP TIME:  NEXT TIME INC = 0.10000E-01  UNCHANGED

 *** LOAD STEP     5   SUBSTEP     2  COMPLETED.    CUM ITER =     55
 *** TIME =   4.02000         TIME INC =  0.100000E-01  NEW TRIANG MATRIX
 *** RESPONSE EIGENVALUE = 0.1298E-01   OSCILLATION LIMIT = 0.1298E-03
 *** AUTO TIME STEP:  NEXT TIME INC = 0.30000E-01  INCREASED (FACTOR = 3.0000)

 *** LOAD STEP     5   SUBSTEP     3  COMPLETED.    CUM ITER =     56
 *** TIME =   4.05000         TIME INC =  0.300000E-01  NEW TRIANG MATRIX
 *** RESPONSE EIGENVALUE = 0.1287E-01   OSCILLATION LIMIT = 0.3862E-03
 *** AUTO TIME STEP:  NEXT TIME INC = 0.90000E-01  INCREASED (FACTOR = 3.0000)

 *** LOAD STEP     5   SUBSTEP     4  COMPLETED.    CUM ITER =     57
 *** TIME =   4.14000         TIME INC =  0.900000E-01  NEW TRIANG MATRIX
 *** RESPONSE EIGENVALUE = 0.1257E-01   OSCILLATION LIMIT = 0.1131E-02
 *** AUTO TIME STEP:  NEXT TIME INC = 0.10000      INCREASED (FACTOR = 1.1111)

 *** LOAD STEP     5   SUBSTEP     5  COMPLETED.    CUM ITER =     58
 *** TIME =   4.24000         TIME INC =  0.100000      NEW TRIANG MATRIX
 *** RESPONSE EIGENVALUE = 0.1226E-01   OSCILLATION LIMIT = 0.1226E-02
 *** AUTO STEP TIME:  NEXT TIME INC = 0.10000      UNCHANGED

 *** LOAD STEP     5   SUBSTEP     6  COMPLETED.    CUM ITER =     59
 *** TIME =   4.34000         TIME INC =  0.100000      NEW TRIANG MATRIX
 *** RESPONSE EIGENVALUE = 0.1196E-01   OSCILLATION LIMIT = 0.1196E-02
 *** AUTO STEP TIME:  NEXT TIME INC = 0.10000      UNCHANGED

 *** LOAD STEP     5   SUBSTEP     7  COMPLETED.    CUM ITER =     60
 *** TIME =   4.44000         TIME INC =  0.100000      NEW TRIANG MATRIX
 *** RESPONSE EIGENVALUE = 0.1168E-01   OSCILLATION LIMIT = 0.1168E-02
 *** AUTO STEP TIME:  NEXT TIME INC = 0.10000      UNCHANGED

 *** LOAD STEP     5   SUBSTEP     8  COMPLETED.    CUM ITER =     61
 *** TIME =   4.54000         TIME INC =  0.100000      NEW TRIANG MATRIX
 *** RESPONSE EIGENVALUE = 0.1142E-01   OSCILLATION LIMIT = 0.1142E-02
 *** AUTO STEP TIME:  NEXT TIME INC = 0.10000      UNCHANGED

 *** LOAD STEP     5   SUBSTEP     9  COMPLETED.    CUM ITER =     62
 *** TIME =   4.64000         TIME INC =  0.100000      NEW TRIANG MATRIX
 *** RESPONSE EIGENVALUE = 0.1117E-01   OSCILLATION LIMIT = 0.1117E-02
 *** AUTO STEP TIME:  NEXT TIME INC = 0.10000      UNCHANGED

 *** LOAD STEP     5   SUBSTEP    10  COMPLETED.    CUM ITER =     63
 *** TIME =   4.74000         TIME INC =  0.100000      NEW TRIANG MATRIX
 *** RESPONSE EIGENVALUE = 0.1093E-01   OSCILLATION LIMIT = 0.1093E-02
 *** AUTO STEP TIME:  NEXT TIME INC = 0.10000      UNCHANGED

 *** LOAD STEP     5   SUBSTEP    11  COMPLETED.    CUM ITER =     64
 *** TIME =   4.84000         TIME INC =  0.100000      NEW TRIANG MATRIX
 *** RESPONSE EIGENVALUE = 0.1070E-01   OSCILLATION LIMIT = 0.1070E-02
 *** AUTO STEP TIME:  NEXT TIME INC = 0.10000      UNCHANGED

 *** LOAD STEP     5   SUBSTEP    12  COMPLETED.    CUM ITER =     65
 *** TIME =   4.94000         TIME INC =  0.100000      NEW TRIANG MATRIX
 *** RESPONSE EIGENVALUE = 0.1049E-01   OSCILLATION LIMIT = 0.1049E-02
 *** AUTO TIME STEP:  NEXT TIME INC = 0.60000E-01  DECREASED (FACTOR = 0.6000)

 *** LOAD STEP     5   SUBSTEP    13  COMPLETED.    CUM ITER =     66
 *** TIME =   5.00000         TIME INC =  0.600000E-01  NEW TRIANG MATRIX
 *** RESPONSE EIGENVALUE = 0.1036E-01   OSCILLATION LIMIT = 0.6216E-03
 ****************************************************
 *************** FINISHED SOLVE FOR LS 5 *************

 *GET  _WALLASOL  FROM  ACTI  ITEM=TIME WALL  VALUE=  23.7486111    

 FINISH SOLUTION PROCESSING


 ***** ROUTINE COMPLETED *****  CP =         4.375



 *** MAPDL - ENGINEERING ANALYSIS SYSTEM  RELEASE 2022 R2          22.2     ***
 Ansys Mechanical Enterprise Academic Student      
 00000000  VERSION=WINDOWS x64   23:44:55  DEC 08, 2022 CP=      4.375

 Project--Transient Thermal (C5)                                               



          ***** MAPDL RESULTS INTERPRETATION (POST1) *****

 *** NOTE ***                            CP =       4.375   TIME= 23:44:55
 Reading results into the database (SET command) will update the current 
 displacement and force boundary conditions in the database with the     
 values from the results file for that load set.  Note that any          
 subsequent solutions will use these values unless action is taken to    
 either SAVE the current values or not overwrite them (/EXIT,NOSAVE).    

 Set Encoding of XML File to:ISO-8859-1

 Set Output of XML File to:
     PARM,     ,     ,     ,     ,     ,     ,     ,     ,     ,     ,     ,
         ,     ,     ,     ,     ,     ,     ,

 DATABASE WRITTEN ON FILE  parm.xml                                                                                                                                                                                                                                                            

 EXIT THE MAPDL POST1 DATABASE PROCESSOR


 ***** ROUTINE COMPLETED *****  CP =         4.375



 PRINTOUT RESUMED BY /GOP

 *GET  _WALLDONE  FROM  ACTI  ITEM=TIME WALL  VALUE=  23.7486111    

 PARAMETER _PREPTIME =     0.000000000    

 PARAMETER _SOLVTIME =     5.000000000    

 PARAMETER _POSTTIME =     0.000000000    

 PARAMETER _TOTALTIM =     5.000000000    

 *GET  _DLBRATIO  FROM  ACTI  ITEM=SOLU DLBR  VALUE=  1.00861450    

 *GET  _COMBTIME  FROM  ACTI  ITEM=SOLU COMB  VALUE= 0.514917400    

 *GET  _SSMODE   FROM  ACTI  ITEM=SOLU SSMM  VALUE=  2.00000000    

 *GET  _NDOFS    FROM  ACTI  ITEM=SOLU NDOF  VALUE=  6421.00000    

 /FCLEAN COMMAND REMOVING ALL LOCAL FILES
 --- Total number of nodes = 6421
 --- Total number of elements = 5574
 --- Element load balance ratio = 1.0086145
 --- Time to combine distributed files = 0.5149174
 --- Sparse memory mode = 2
 --- Number of DOF = 6421

 EXIT MAPDL WITHOUT SAVING DATABASE


 NUMBER OF WARNING MESSAGES ENCOUNTERED=          7
 NUMBER OF ERROR   MESSAGES ENCOUNTERED=          0

+--------------------- M A P D L   S T A T I S T I C S ------------------------+

Release: 2022 R2            Build: 22.2       Update: UP20220516   Platform: WINDOWS x64 
Date Run: 12/08/2022   Time: 23:44     Process ID: 6632
Operating System: Windows 10  (Build: 22621)

Processor Model: 12th Gen Intel(R) Core(TM) i7-1260P

Compiler: Intel(R) Fortran Compiler Version 19.0.5  (Build: 20190815)
          Intel(R) C/C++ Compiler Version 19.0.5  (Build: 20190815)
          Intel(R) Math Kernel Library Version 2020.0.0 Product Build 20191125
          BLAS Library supplied by Intel(R) MKL

Number of machines requested            :    1
Total number of cores available         :   16
Number of physical cores available      :   12
Number of processes requested           :    4
Number of threads per process requested :    1
Total number of cores requested         :    4 (Distributed Memory Parallel)               
MPI Type: INTELMPI
MPI Version: Intel(R) MPI Library 2021.5 for Windows* OS


GPU Acceleration: Not Requested

Job Name: file0
Input File: dummy.dat

  Core                Machine Name   Working Directory
 -----------------------------------------------------
     0               EpsilonEngine   C:\Users\poitz\Repos\MAE598\Project2\_ProjectScratch\Scr61E2
     1               EpsilonEngine   C:\Users\poitz\Repos\MAE598\Project2\_ProjectScratch\Scr61E2
     2               EpsilonEngine   C:\Users\poitz\Repos\MAE598\Project2\_ProjectScratch\Scr61E2
     3               EpsilonEngine   C:\Users\poitz\Repos\MAE598\Project2\_ProjectScratch\Scr61E2
 
Latency time from master to core     1 =    3.097 microseconds
Latency time from master to core     2 =    6.155 microseconds
Latency time from master to core     3 =    6.365 microseconds
 
Communication speed from master to core     1 = 10336.59 MB/sec
Communication speed from master to core     2 =   889.53 MB/sec
Communication speed from master to core     3 =  5067.20 MB/sec

Total CPU time for main thread                    :        2.9 seconds
Total CPU time summed for all threads             :        4.6 seconds

Elapsed time spent obtaining a license            :        0.3 seconds
Elapsed time spent pre-processing model (/PREP7)  :        0.0 seconds
Elapsed time spent solution - preprocessing       :        0.3 seconds
Elapsed time spent computing solution             :        4.6 seconds
Elapsed time spent solution - postprocessing      :        0.5 seconds
Elapsed time spent post-processing model (/POST1) :        0.0 seconds
 
Equation solver used                              :            Sparse (symmetric)

Sum of memory used on all processes               :      565.0 MB
Sum of memory allocated on all processes          :     5184.0 MB
Physical memory available                         :         16 GB

Total amount of I/O written to disk               :        0.1 GB
Total amount of I/O read from disk                :        0.1 GB

+------------------ E N D   M A P D L   S T A T I S T I C S -------------------+


 *---------------------------------------------------------------------------*
 |                                                                           |
 |                               RUN COMPLETED                               |
 |                                                                           |
 |---------------------------------------------------------------------------|
 |                                                                           |
 |  Ansys MAPDL 2022 R2         Build 22.2         UP20220516    WINDOWS x64 |
 |                                                                           |
 |---------------------------------------------------------------------------|
 |                                                                           |
 | Database Requested(-db)  1024 MB    Scratch Memory Requested      1024 MB |
 | Maximum Database Used       6 MB    Maximum Scratch Memory Used    142 MB |
 |                                                                           |
 |---------------------------------------------------------------------------|
 |                                                                           |
 |        CP Time      (sec) =          4.578       Time  =  23:44:56        |
 |        Elapsed Time (sec) =          8.000       Date  =  12/08/2022      |
 |                                                                           |
 *---------------------------------------------------------------------------*
