
 Ansys Mechanical Enterprise Academic Student      


 *------------------------------------------------------------------*
 |                                                                  |
 |   W E L C O M E   T O   T H E   A N S Y S (R)  P R O G R A M     |
 |                                                                  |
 *------------------------------------------------------------------*




 ***************************************************************
 *         ANSYS MAPDL 2022 R2          LEGAL NOTICES          *
 ***************************************************************
 *                                                             *
 * Copyright 1971-2022 Ansys, Inc.  All rights reserved.       *
 * Unauthorized use, distribution or duplication is            *
 * prohibited.                                                 *
 *                                                             *
 * Ansys is a registered trademark of Ansys, Inc. or its       *
 * subsidiaries in the United States or other countries.       *
 * See the Ansys, Inc. online documentation or the Ansys, Inc. *
 * documentation CD or online help for the complete Legal      *
 * Notice.                                                     *
 *                                                             *
 ***************************************************************
 *                                                             *
 * THIS ANSYS SOFTWARE PRODUCT AND PROGRAM DOCUMENTATION       *
 * INCLUDE TRADE SECRETS AND CONFIDENTIAL AND PROPRIETARY      *
 * PRODUCTS OF ANSYS, INC., ITS SUBSIDIARIES, OR LICENSORS.    *
 * The software products and documentation are furnished by    *
 * Ansys, Inc. or its subsidiaries under a software license    *
 * agreement that contains provisions concerning               *
 * non-disclosure, copying, length and nature of use,          *
 * compliance with exporting laws, warranties, disclaimers,    *
 * limitations of liability, and remedies, and other           *
 * provisions.  The software products and documentation may be *
 * used, disclosed, transferred, or copied only in accordance  *
 * with the terms and conditions of that software license      *
 * agreement.                                                  *
 *                                                             *
 * Ansys, Inc. is a UL registered                              *
 * ISO 9001:2015 company.                                      *
 *                                                             *
 ***************************************************************
 *                                                             *
 * This product is subject to U.S. laws governing export and   *
 * re-export.                                                  *
 *                                                             *
 * For U.S. Government users, except as specifically granted   *
 * by the Ansys, Inc. software license agreement, the use,     *
 * duplication, or disclosure by the United States Government  *
 * is subject to restrictions stated in the Ansys, Inc.        *
 * software license agreement and FAR 12.212 (for non-DOD      *
 * licenses).                                                  *
 *                                                             *
 ***************************************************************

 2022 R2 
     
 Point Releases and Patches installed:   
     
 Ansys, Inc. Products 2022 R2
 Autodyn 2022 R2 
 SpaceClaim 2022 R2  
 CFX (includes CFD-Post) 2022 R2 
 Chemkin 2022 R2 
 EnSight 2022 R2 
 FENSAP-ICE 2022 R2  
 Fluent (includes CFD-Post) 2022 R2  
 Polyflow (includes CFD-Post) 2022 R2
 Forte (includes EnSight) 2022 R2
 TurboGrid 2022 R2   
 Aqwa 2022 R2
 Mechanical Products 2022 R2 
 ACIS Geometry Interface 2022 R2 
 AutoCAD Geometry Interface 2022 R2  
 Catia, Version 4 Geometry Interface 2022 R2 
 Catia, Version 5 Geometry Interface 2022 R2 
 Catia, Version 6 Geometry Interface 2022 R2 
 Creo Elements/Direct Modeling Geometry Interface 2022 R2
 Creo Parametric Geometry Interface 2022 R2  
 Inventor Geometry Interface 2022 R2 
 JTOpen Geometry Interface 2022 R2   
 NX Geometry Interface 2022 R2   
 Parasolid Geometry Interface  2022 R2   
 Solid Edge Geometry Interface 2022 R2   
 SOLIDWORKS Geometry Interface 2022 R2   
 Academic Student 2022 R2


          *****  MAPDL COMMAND LINE ARGUMENTS  *****
  BATCH MODE REQUESTED (-b)    = NOLIST
  INPUT FILE COPY MODE (-c)    = COPY
  DISTRIBUTED MEMORY PARALLEL REQUESTED
       4 PARALLEL PROCESSES REQUESTED WITH SINGLE THREAD PER PROCESS
    TOTAL OF     4 CORES REQUESTED
  INPUT FILE NAME              = C:\Users\poitz\AppData\Local\Temp\WB_poitz_25024_2\_ProjectScratch\ScrE820\dummy.dat
  OUTPUT FILE NAME             = C:\Users\poitz\AppData\Local\Temp\WB_poitz_25024_2\_ProjectScratch\ScrE820\solve.out
  START-UP FILE MODE           = NOREAD
  STOP FILE MODE               = NOREAD

 RELEASE= 2022 R2              BUILD= 22.2      UP20220516   VERSION=WINDOWS x64 
 CURRENT JOBNAME=file0  22:54:57  DEC 08, 2022 CP=      0.031


 PARAMETER _DS_PROGRESS =     999.0000000    

 /INPUT FILE= ds.dat  LINE=       0



 *** NOTE ***                            CP =       0.062   TIME= 22:54:57
 The /CONFIG,NOELDB command is not valid in a distributed memory         
 parallel solution.  Command is ignored.                                 

 *GET  _WALLSTRT  FROM  ACTI  ITEM=TIME WALL  VALUE=  22.9158333    

 TITLE= 
 wbnew--Static Structural (A5)                                                 

  ACT Extensions:
      LSDYNA, 2022.2
      5f463412-bd3e-484b-87e7-cbc0a665e474, wbex
 /COM,     ANSYSMotion, 2022.2
      20180725-3f81-49eb-9f31-41364844c769, wbex
  

 SET PARAMETER DIMENSIONS ON  _WB_PROJECTSCRATCH_DIR
  TYPE=STRI  DIMENSIONS=      248        1        1

 PARAMETER _WB_PROJECTSCRATCH_DIR(1) = C:\Users\poitz\AppData\Local\Temp\WB_poitz_25024_2\_ProjectScratch\ScrE820\

 SET PARAMETER DIMENSIONS ON  _WB_SOLVERFILES_DIR
  TYPE=STRI  DIMENSIONS=      248        1        1

 PARAMETER _WB_SOLVERFILES_DIR(1) = C:\Users\poitz\AppData\Local\Temp\WB_poitz_25024_2\wbnew_files\dp0\SYS\MECH\

 SET PARAMETER DIMENSIONS ON  _WB_USERFILES_DIR
  TYPE=STRI  DIMENSIONS=      248        1        1

 PARAMETER _WB_USERFILES_DIR(1) = C:\Users\poitz\AppData\Local\Temp\WB_poitz_25024_2\wbnew_files\user_files\
 --- Data in consistent MKS units. See Solving Units in the help system for more

 MKS UNITS SPECIFIED FOR INTERNAL    
  LENGTH        (l)  = METER (M)
  MASS          (M)  = KILOGRAM (KG)
  TIME          (t)  = SECOND (SEC)
  TEMPERATURE   (T)  = CELSIUS (C)
  TOFFSET            = 273.0
  CHARGE        (Q)  = COULOMB
  FORCE         (f)  = NEWTON (N) (KG-M/SEC2)
  HEAT               = JOULE (N-M)

  PRESSURE           = PASCAL (NEWTON/M**2)
  ENERGY        (W)  = JOULE (N-M)
  POWER         (P)  = WATT (N-M/SEC)
  CURRENT       (i)  = AMPERE (COULOMBS/SEC)
  CAPACITANCE   (C)  = FARAD
  INDUCTANCE    (L)  = HENRY
  MAGNETIC FLUX      = WEBER
  RESISTANCE    (R)  = OHM
  ELECTRIC POTENTIAL = VOLT

 INPUT  UNITS ARE ALSO SET TO MKS 

 *** MAPDL - ENGINEERING ANALYSIS SYSTEM  RELEASE 2022 R2          22.2     ***
 Ansys Mechanical Enterprise Academic Student      
 00000000  VERSION=WINDOWS x64   22:54:57  DEC 08, 2022 CP=      0.062

 wbnew--Static Structural (A5)                                                 



          ***** MAPDL ANALYSIS DEFINITION (PREP7) *****
 *********** Nodes for the whole assembly ***********
 *********** Nodes for all Remote Points ***********
 *********** Elements for Body 1 "Solid" ***********
 *********** Elements for Body 2 "Solid" ***********
 *********** Elements for Body 3 "Solid" ***********
 *********** Send User Defined Coordinate System(s) ***********
 *********** Set Reference Temperature ***********
 *********** Send Materials ***********
 *********** Create Contact "Contact Region" ***********
             Real Constant Set For Above Contact Is 5 & 4
 *********** Create Contact "Contact Region 2" ***********
             Real Constant Set For Above Contact Is 7 & 6
 *********** Create Contact "Frictional - Solid To Solid" ***********
             Real Constant Set For Above Contact Is 9 & 8
 *********** Create Contact "Frictional - Solid To Solid" ***********
             Real Constant Set For Above Contact Is 11 & 10
 ******* Constant Zero Displacement X *******
 ******* Constant Zero Displacement Z *******
 *********** Create Remote Point "Internal Remote Point 2" ***********
 *********** Create Joint "Revolute - Ground To Solid" ***********
             Real Constant Set For Above Joint Is 14
 *********** Define Pressure Using Surface Effect Elements "Pressure" **********
 *********** Define Pressure Using Surface Effect Elements "Pressure 2" ********
 *********** Define Rotational Velocity ***********


 ***** ROUTINE COMPLETED *****  CP =         0.109


 --- Number of total nodes = 13363
 --- Number of contact elements = 7582
 --- Number of spring elements = 0
 --- Number of bearing elements = 0
 --- Number of solid elements = 6720
 --- Number of condensed parts = 0
 --- Number of total elements = 14304

 *GET  _WALLBSOL  FROM  ACTI  ITEM=TIME WALL  VALUE=  22.9158333    
 ****************************************************************************
 *************************    SOLUTION       ********************************
 ****************************************************************************

 *****  MAPDL SOLUTION ROUTINE  *****


 PERFORM A STATIC ANALYSIS
  THIS WILL BE A NEW ANALYSIS

 PARAMETER _THICKRATIO =     1.000000000    

 USE PRECONDITIONED CONJUGATE GRADIENT SOLVER
  CONVERGENCE TOLERANCE = 1.00000E-08
  MAXIMUM ITERATION     = NumNode*DofPerNode*  1.0000    

 CONTACT INFORMATION PRINTOUT LEVEL       1

 DO NOT COMBINE ELEMENT MATRIX FILES (.emat) AFTER DISTRIBUTED PARALLEL SOLUTION

 DO NOT COMBINE ELEMENT SAVE DATA FILES (.esav) AFTER DISTRIBUTED PARALLEL SOLUTION

 NLDIAG: Nonlinear diagnostics CONT option is set to ON. 
         Writing frequency : each ITERATION.

 DEFINE RESTART CONTROL FOR LOADSTEP LAST
 AT FREQUENCY OF LAST AND NUMBER FOR OVERWRITE IS   -1

 DELETE RESTART FILES OF ENDSTEP
 ****************************************************
 ******************* SOLVE FOR LS 1 OF 1 ****************

 SELECT       FOR ITEM=TYPE COMPONENT=    
  IN RANGE        15 TO         15 STEP          1

         35  ELEMENTS (OF      14304  DEFINED) SELECTED BY  ESEL  COMMAND.

 SELECT      ALL NODES HAVING ANY ELEMENT IN ELEMENT SET.

         98 NODES (OF      13363  DEFINED) SELECTED FROM
       35 SELECTED ELEMENTS BY NSLE COMMAND.

 GENERATE SURFACE LOAD PRES ON SURFACE DEFINED BY ALL SELECTED NODES
 VALUES=  10495000.0      0.00000000    

 NUMBER OF PRES ELEMENT FACE LOADS STORED =         35

 SELECT       FOR ITEM=TYPE COMPONENT=    
  IN RANGE        16 TO         16 STEP          1

         35  ELEMENTS (OF      14304  DEFINED) SELECTED BY  ESEL  COMMAND.

 SELECT      ALL NODES HAVING ANY ELEMENT IN ELEMENT SET.

         98 NODES (OF      13363  DEFINED) SELECTED FROM
       35 SELECTED ELEMENTS BY NSLE COMMAND.

 GENERATE SURFACE LOAD PRES ON SURFACE DEFINED BY ALL SELECTED NODES
 VALUES=  10495000.0      0.00000000    

 NUMBER OF PRES ELEMENT FACE LOADS STORED =         35

 ALL SELECT   FOR ITEM=NODE COMPONENT=    
  IN RANGE         1 TO      13363 STEP          1

      13363  NODES (OF      13363  DEFINED) SELECTED BY NSEL  COMMAND.

 ALL SELECT   FOR ITEM=ELEM COMPONENT=    
  IN RANGE         1 TO      18300 STEP          1

      14304  ELEMENTS (OF      14304  DEFINED) SELECTED BY  ESEL  COMMAND.

 CGOMGA=  0.0000      250.00      0.0000    

 ALL SELECT   FOR ITEM=ELEM COMPONENT=    
  IN RANGE         1 TO      18300 STEP          1

      14304  ELEMENTS (OF      14304  DEFINED) SELECTED BY  ESEL  COMMAND.

 PRINTOUT RESUMED BY /GOP

 USE AUTOMATIC TIME STEPPING THIS LOAD STEP

 USE       5 SUBSTEPS INITIALLY THIS LOAD STEP FOR ALL  DEGREES OF FREEDOM
 FOR AUTOMATIC TIME STEPPING:
   USE     20 SUBSTEPS AS A MAXIMUM
   USE      1 SUBSTEPS AS A MINIMUM

 TIME=  1.0000    

 ERASE THE CURRENT DATABASE OUTPUT CONTROL TABLE.


 WRITE ALL  ITEMS TO THE DATABASE WITH A FREQUENCY OF NONE
   FOR ALL APPLICABLE ENTITIES

 WRITE NSOL ITEMS TO THE DATABASE WITH A FREQUENCY OF ALL 
   FOR ALL APPLICABLE ENTITIES

 WRITE RSOL ITEMS TO THE DATABASE WITH A FREQUENCY OF ALL 
   FOR ALL APPLICABLE ENTITIES

 WRITE EANG ITEMS TO THE DATABASE WITH A FREQUENCY OF ALL 
   FOR ALL APPLICABLE ENTITIES

 WRITE ETMP ITEMS TO THE DATABASE WITH A FREQUENCY OF ALL 
   FOR ALL APPLICABLE ENTITIES

 WRITE VENG ITEMS TO THE DATABASE WITH A FREQUENCY OF ALL 
   FOR ALL APPLICABLE ENTITIES

 WRITE STRS ITEMS TO THE DATABASE WITH A FREQUENCY OF ALL 
   FOR ALL APPLICABLE ENTITIES

 WRITE EPEL ITEMS TO THE DATABASE WITH A FREQUENCY OF ALL 
   FOR ALL APPLICABLE ENTITIES

 WRITE EPPL ITEMS TO THE DATABASE WITH A FREQUENCY OF ALL 
   FOR ALL APPLICABLE ENTITIES

 WRITE CONT ITEMS TO THE DATABASE WITH A FREQUENCY OF ALL 
   FOR ALL APPLICABLE ENTITIES

 PRINTOUT RESUMED BY /GOP

 WRITE MISC ITEMS TO THE DATABASE WITH A FREQUENCY OF ALL 
   FOR THE ENTITIES DEFINED BY COMPONENT _ELMISC 

 *GET  ANSINTER_  FROM  ACTI  ITEM=INT        VALUE=  0.00000000    

 *IF  ANSINTER_                         ( =   0.00000     )  NE  
      0                                 ( =   0.00000     )  THEN    

 *ENDIF

 *** NOTE ***                            CP =       0.125   TIME= 22:54:57
 The automatic domain decomposition logic has selected the MESH domain   
 decomposition method with 4 processes per solution.                     

 *****  MAPDL SOLVE    COMMAND  *****

 *** WARNING ***                         CP =       0.125   TIME= 22:54:57
 Element shape checking is currently inactive.  Issue SHPP,ON or         
 SHPP,WARN to reactivate, if desired.                                    

 *** WARNING ***                         CP =       0.125   TIME= 22:54:57
 MPC184 elements are being used in the current analysis and the          
 NLGEOM,ON command has not been used.  Thus, only linearized behavior    
 will be considered.  If finite rotation and large deflection effects    
 are to be considered, please use the NLGEOM,ON command.                 

 *** NOTE ***                            CP =       0.156   TIME= 22:54:57
 The model data was checked and warning messages were found.             
  Please review output or errors file (                                  
 C:\Users\poitz\AppData\Local\Temp\WB_poitz_25024_2\_ProjectScratch\ScrE 
 E820\file0.err ) for these warning messages.                            

 *** SELECTION OF ELEMENT TECHNOLOGIES FOR APPLICABLE ELEMENTS ***
      --- GIVE SUGGESTIONS AND RESET THE KEY OPTIONS ---

 ELEMENT TYPE         1 IS SOLID187. IT IS NOT ASSOCIATED WITH FULLY INCOMPRESSIBLE
 HYPERELASTIC MATERIALS. NO SUGGESTION IS AVAILABLE AND NO RESETTING IS NEEDED.

 ELEMENT TYPE         2 IS SOLID187. IT IS NOT ASSOCIATED WITH FULLY INCOMPRESSIBLE
 HYPERELASTIC MATERIALS. NO SUGGESTION IS AVAILABLE AND NO RESETTING IS NEEDED.

 ELEMENT TYPE         3 IS SOLID187. IT IS NOT ASSOCIATED WITH FULLY INCOMPRESSIBLE
 HYPERELASTIC MATERIALS. NO SUGGESTION IS AVAILABLE AND NO RESETTING IS NEEDED.



 *** MAPDL - ENGINEERING ANALYSIS SYSTEM  RELEASE 2022 R2          22.2     ***
 Ansys Mechanical Enterprise Academic Student      
 00000000  VERSION=WINDOWS x64   22:54:57  DEC 08, 2022 CP=      0.156

 wbnew--Static Structural (A5)                                                 



                       S O L U T I O N   O P T I O N S

   PROBLEM DIMENSIONALITY. . . . . . . . . . . . .3-D                  
   DEGREES OF FREEDOM. . . . . . UX   UY   UZ   ROTX ROTY ROTZ
   ANALYSIS TYPE . . . . . . . . . . . . . . . . .STATIC (STEADY-STATE)
   OFFSET TEMPERATURE FROM ABSOLUTE ZERO . . . . .  273.15    
   EQUATION SOLVER OPTION. . . . . . . . . . . . .PCG                
      MEMORY SAVING OPTION. . . .  . . . . . . . .OFF
      TOLERANCE. . . . . . . . . . . . . . . . . . 1.00000E-08
   NEWTON-RAPHSON OPTION . . . . . . . . . . . . .PROGRAM CHOSEN   
   GLOBALLY ASSEMBLED MATRIX . . . . . . . . . . .SYMMETRIC  

 *** WARNING ***                         CP =       0.156   TIME= 22:54:57
 Material number 14 (used by element 10715) should normally have at      
 least one MP or one TB type command associated with it.  Output of      
 energy by material may not be available.                                

 *** NOTE ***                            CP =       0.188   TIME= 22:54:57
 The step data was checked and warning messages were found.              
  Please review output or errors file (                                  
 C:\Users\poitz\AppData\Local\Temp\WB_poitz_25024_2\_ProjectScratch\ScrE 
 E820\file0.err ) for these warning messages.                            

 *** NOTE ***                            CP =       0.188   TIME= 22:54:57
 This nonlinear analysis defaults to using the full Newton-Raphson       
 solution procedure.  This can be modified using the NROPT command.      

 *** NOTE ***                            CP =       0.188   TIME= 22:54:57
 Internal nodes from 13364 to 13367 are created.                         
 1 internal nodes are used for handling degrees of freedom on pilot      
 nodes of rigid target surfaces.                                         
 3 internal nodes are used for non-contact elements with mixed           
 formulation.                                                            

 *** NOTE ***                            CP =       0.188   TIME= 22:54:58
 Internal nodes from 13364 to 13367 are created.                         
 1 internal nodes are used for handling degrees of freedom on pilot      
 nodes of rigid target surfaces.                                         
 3 internal nodes are used for non-contact elements with mixed           
 formulation.                                                            

 *** NOTE ***                            CP =       0.625   TIME= 22:54:58
 Symmetric Deformable- deformable contact pair identified by real        
 constant set 4 and contact element type 4 has been set up.  The         
 companion pair has real constant set ID 5.  Both pairs should have the  
 same behavior.                                                          
 ANSYS will deactivate the current pair and keep its companion pair,     
 resulting in asymmetric contact.                                        
 Small sliding logic is assumed
 Contact algorithm: Augmented Lagrange method
 Contact detection at: Gauss integration point
 Contact stiffness factor FKN                  1.0000    
 The resulting initial contact stiffness      0.23765E+15
 Default penetration tolerance factor FTOLN   0.10000    
 The resulting penetration tolerance          0.92571E-03
 Default opening contact stiffness OPSF will be used.
 Default tangent stiffness factor FKT          1.0000    
 Default elastic slip factor SLTOL            0.50000E-02
 The resulting elastic slip tolerance         0.59024E-04
 Update contact stiffness at each iteration
 Default Max. friction stress TAUMAX          0.10000E+21
 Average contact surface length               0.11805E-01
 Average contact pair depth                   0.92571E-02
 Average target surface length                0.30909E-02
 Default pinball region factor PINB           0.25000    
 The resulting pinball region                 0.23143E-02
 Initial penetration/gap is excluded.
 Bonded contact (always) is defined.

 *** NOTE ***                            CP =       0.625   TIME= 22:54:58
 Max.  Initial penetration 3.469446952E-18 was detected between contact  
 element 10850 and target element 11956.                                 
 ****************************************
  

 *** NOTE ***                            CP =       0.625   TIME= 22:54:58
 Symmetric Deformable- deformable contact pair identified by real        
 constant set 5 and contact element type 4 has been set up.  The         
 companion pair has real constant set ID 4.  Both pairs should have the  
 same behavior.                                                          
 ANSYS will keep the current pair and deactivate its companion pair,     
 resulting in asymmetric contact.                                        
 Small sliding logic is assumed
 Contact algorithm: Augmented Lagrange method
 Contact detection at: Gauss integration point
 Contact stiffness factor FKN                  1.0000    
 The resulting initial contact stiffness      0.23765E+15
 Default penetration tolerance factor FTOLN   0.10000    
 The resulting penetration tolerance          0.25273E-03
 Default opening contact stiffness OPSF will be used.
 Default tangent stiffness factor FKT          1.0000    
 Default elastic slip factor SLTOL            0.50000E-02
 The resulting elastic slip tolerance         0.15569E-04
 Update contact stiffness at each iteration
 Default Max. friction stress TAUMAX          0.10000E+21
 Average contact surface length               0.31138E-02
 Average contact pair depth                   0.25273E-02
 Average target surface length                0.11542E-01
 Default pinball region factor PINB           0.25000    
 The resulting pinball region                 0.63183E-03
 Initial penetration/gap is excluded.
 Bonded contact (always) is defined.

 *** NOTE ***                            CP =       0.625   TIME= 22:54:58
 Max.  Initial penetration 6.938893904E-18 was detected between contact  
 element 11002 and target element 10756.                                 
 ****************************************
  

 *** NOTE ***                            CP =       0.625   TIME= 22:54:58
 Symmetric Deformable- deformable contact pair identified by real        
 constant set 6 and contact element type 6 has been set up.  The         
 companion pair has real constant set ID 7.  Both pairs should have the  
 same behavior.                                                          
 ANSYS will deactivate the current pair and keep its companion pair,     
 resulting in asymmetric contact.                                        
 Small sliding logic is assumed
 Contact algorithm: Augmented Lagrange method
 Contact detection at: Gauss integration point
 Contact stiffness factor FKN                  1.0000    
 The resulting initial contact stiffness      0.22588E+15
 Default penetration tolerance factor FTOLN   0.10000    
 The resulting penetration tolerance          0.97397E-03
 Default opening contact stiffness OPSF will be used.
 Default tangent stiffness factor FKT          1.0000    
 Default elastic slip factor SLTOL            0.50000E-02
 The resulting elastic slip tolerance         0.60870E-04
 Update contact stiffness at each iteration
 Default Max. friction stress TAUMAX          0.10000E+21
 Average contact surface length               0.12174E-01
 Average contact pair depth                   0.97397E-02
 Average target surface length                0.31304E-02
 Default pinball region factor PINB           0.25000    
 The resulting pinball region                 0.24349E-02
 Initial penetration/gap is excluded.
 Bonded contact (always) is defined.

 *** NOTE ***                            CP =       0.625   TIME= 22:54:58
 Max.  Initial penetration 1.387778781E-17 was detected between contact  
 element 12817 and target element 14424.                                 
 ****************************************
  

 *** NOTE ***                            CP =       0.625   TIME= 22:54:58
 Symmetric Deformable- deformable contact pair identified by real        
 constant set 7 and contact element type 6 has been set up.  The         
 companion pair has real constant set ID 6.  Both pairs should have the  
 same behavior.                                                          
 ANSYS will keep the current pair and deactivate its companion pair,     
 resulting in asymmetric contact.                                        
 Small sliding logic is assumed
 Contact algorithm: Augmented Lagrange method
 Contact detection at: Gauss integration point
 Contact stiffness factor FKN                  1.0000    
 The resulting initial contact stiffness      0.22588E+15
 Default penetration tolerance factor FTOLN   0.10000    
 The resulting penetration tolerance          0.27918E-03
 Default opening contact stiffness OPSF will be used.
 Default tangent stiffness factor FKT          1.0000    
 Default elastic slip factor SLTOL            0.50000E-02
 The resulting elastic slip tolerance         0.15752E-04
 Update contact stiffness at each iteration
 Default Max. friction stress TAUMAX          0.10000E+21
 Average contact surface length               0.31505E-02
 Average contact pair depth                   0.27918E-02
 Average target surface length                0.11896E-01
 Default pinball region factor PINB           0.25000    
 The resulting pinball region                 0.69794E-03
 Initial penetration/gap is excluded.
 Bonded contact (always) is defined.

 *** NOTE ***                            CP =       0.625   TIME= 22:54:58
 Max.  Initial penetration 2.081668171E-17 was detected between contact  
 element 13366 and target element 12746.                                 
 ****************************************
  

 *** NOTE ***                            CP =       0.625   TIME= 22:54:58
 Symmetric Deformable- deformable contact pair identified by real        
 constant set 8 and contact element type 8 has been set up.  The         
 companion pair has real constant set ID 9.  Both pairs should have the  
 same behavior.                                                          
 ANSYS will deactivate the current pair and keep its companion pair,     
 resulting in asymmetric contact.                                        
 Small sliding logic is assumed
 Contact algorithm: Augmented Lagrange method
 Contact detection at: Gauss integration point
 Contact stiffness factor FKN                  1.0000    
 The resulting initial contact stiffness      0.23093E+15
 Default penetration tolerance factor FTOLN   0.10000    
 The resulting penetration tolerance          0.95269E-03
 Max. initial friction coefficient MU         0.22000    
 Default tangent stiffness factor FKT          1.0000    
 Default elastic slip factor SLTOL            0.10000E-01
 The resulting elastic slip tolerance         0.15949E-03
 Update contact stiffness at each iteration
 Default Max. friction stress TAUMAX          0.10000E+21
 Average contact surface length               0.15949E-01
 Average contact pair depth                   0.95269E-02
 Average target surface length                0.31304E-02
 Default pinball region factor PINB            1.0000    
 The resulting pinball region                 0.95269E-02

 *** NOTE ***                            CP =       0.625   TIME= 22:54:58
 One of the contact searching regions contains at least 166 target       
 elements.  You may reduce the pinball radius.                           
 *WARNING*: Initial penetration is included.

 *** NOTE ***                            CP =       0.625   TIME= 22:54:58
 Max.  Initial penetration 1.387778781E-17 was detected between contact  
 element 14607 and target element 16214.                                 
 ****************************************
  

 *** NOTE ***                            CP =       0.625   TIME= 22:54:58
 Symmetric Deformable- deformable contact pair identified by real        
 constant set 9 and contact element type 8 has been set up.  The         
 companion pair has real constant set ID 8.  Both pairs should have the  
 same behavior.                                                          
 ANSYS will keep the current pair and deactivate its companion pair,     
 resulting in asymmetric contact.                                        
 Small sliding logic is assumed
 Contact algorithm: Augmented Lagrange method
 Contact detection at: Gauss integration point
 Contact stiffness factor FKN                  1.0000    
 The resulting initial contact stiffness      0.23093E+15
 Default penetration tolerance factor FTOLN   0.10000    
 The resulting penetration tolerance          0.27918E-03
 Max. initial friction coefficient MU         0.22000    
 Default tangent stiffness factor FKT          1.0000    
 Default elastic slip factor SLTOL            0.10000E-01
 The resulting elastic slip tolerance         0.31505E-04
 Update contact stiffness at each iteration
 Default Max. friction stress TAUMAX          0.10000E+21
 Average contact surface length               0.31505E-02
 Average contact pair depth                   0.27918E-02
 Average target surface length                0.15631E-01
 Default pinball region factor PINB            1.0000    
 The resulting pinball region                 0.27918E-02
 *WARNING*: Initial penetration is included.

 *** NOTE ***                            CP =       0.625   TIME= 22:54:58
 Max.  Initial penetration 2.081668171E-17 was detected between contact  
 element 15156 and target element 14589.                                 
 ****************************************
  

 *** NOTE ***                            CP =       0.625   TIME= 22:54:58
 Symmetric Deformable- deformable contact pair identified by real        
 constant set 10 and contact element type 10 has been set up.  The       
 companion pair has real constant set ID 11.  Both pairs should have     
 the same behavior.                                                      
 ANSYS will deactivate the current pair and keep its companion pair,     
 resulting in asymmetric contact.                                        
 Small sliding logic is assumed
 Contact algorithm: Augmented Lagrange method
 Contact detection at: Gauss integration point
 Contact stiffness factor FKN                  1.0000    
 The resulting initial contact stiffness      0.23817E+15
 Default penetration tolerance factor FTOLN   0.10000    
 The resulting penetration tolerance          0.92371E-03
 Max. initial friction coefficient MU         0.22000    
 Default tangent stiffness factor FKT          1.0000    
 Default elastic slip factor SLTOL            0.10000E-01
 The resulting elastic slip tolerance         0.15949E-03
 Update contact stiffness at each iteration
 Default Max. friction stress TAUMAX          0.10000E+21
 Average contact surface length               0.15949E-01
 Average contact pair depth                   0.92371E-02
 Average target surface length                0.30909E-02
 Default pinball region factor PINB            1.0000    
 The resulting pinball region                 0.92371E-02

 *** NOTE ***                            CP =       0.625   TIME= 22:54:58
 One of the contact searching regions contains at least 169 target       
 elements.  You may reduce the pinball radius.                           
 *WARNING*: Initial penetration is included.

 *** NOTE ***                            CP =       0.625   TIME= 22:54:58
 Max.  Initial penetration 3.469446952E-18 was detected between contact  
 element 16422 and target element 17488.                                 
 ****************************************
  

 *** NOTE ***                            CP =       0.625   TIME= 22:54:58
 Symmetric Deformable- deformable contact pair identified by real        
 constant set 11 and contact element type 10 has been set up.  The       
 companion pair has real constant set ID 10.  Both pairs should have     
 the same behavior.                                                      
 ANSYS will keep the current pair and deactivate its companion pair,     
 resulting in asymmetric contact.                                        
 Small sliding logic is assumed
 Contact algorithm: Augmented Lagrange method
 Contact detection at: Gauss integration point
 Contact stiffness factor FKN                  1.0000    
 The resulting initial contact stiffness      0.23817E+15
 Default penetration tolerance factor FTOLN   0.10000    
 The resulting penetration tolerance          0.25273E-03
 Max. initial friction coefficient MU         0.22000    
 Default tangent stiffness factor FKT          1.0000    
 Default elastic slip factor SLTOL            0.10000E-01
 The resulting elastic slip tolerance         0.31138E-04
 Update contact stiffness at each iteration
 Default Max. friction stress TAUMAX          0.10000E+21
 Average contact surface length               0.31138E-02
 Average contact pair depth                   0.25273E-02
 Average target surface length                0.15631E-01
 Default pinball region factor PINB            1.0000    
 The resulting pinball region                 0.25273E-02
 *WARNING*: Initial penetration is included.

 *** NOTE ***                            CP =       0.625   TIME= 22:54:58
 Max.  Initial penetration 6.938893904E-18 was detected between contact  
 element 16534 and target element 16382.                                 
 ****************************************
  

 *** NOTE ***                            CP =       0.625   TIME= 22:54:58
 Rigid-constraint surface identified by real constant set 12 and         
 contact element type 12 has been set up.  The degrees of freedom of     
 the rigid surface are driven by the pilot node 13363 which connects to  
 other element 10715.  Internal MPC will be built.                       
 The used degrees of freedom set is  UX   UY   UZ   ROTX ROTY ROTZ
 ****************************************
  

 *** WARNING ***                         CP =       0.625   TIME= 22:54:58
 Maximum friction coefficient 0.22 is defined in the model.  Switch to   
 the unsymmetric solver (NROP,UNSYM) instead if convergence difficulty   
 is encountered.                                                         
  
  

 *** NOTE ***                            CP =       0.688   TIME= 22:54:58
 Internal nodes from 13364 to 13367 are created.                         
 1 internal nodes are used for handling degrees of freedom on pilot      
 nodes of rigid target surfaces.                                         
 3 internal nodes are used for non-contact elements with mixed           
 formulation.                                                            

  
  
     D I S T R I B U T E D   D O M A I N   D E C O M P O S E R
  
  ...Number of elements: 14304
  ...Number of nodes:    13367
  ...Decompose to 4 CPU domains
  ...Element load balance ratio =     1.011


                      L O A D   S T E P   O P T I O N S

   LOAD STEP NUMBER. . . . . . . . . . . . . . . .     1
   TIME AT END OF THE LOAD STEP. . . . . . . . . .  1.0000    
   AUTOMATIC TIME STEPPING . . . . . . . . . . . .    ON
      INITIAL NUMBER OF SUBSTEPS . . . . . . . . .     5
      MAXIMUM NUMBER OF SUBSTEPS . . . . . . . . .    20
      MINIMUM NUMBER OF SUBSTEPS . . . . . . . . .     1
   MAXIMUM NUMBER OF EQUILIBRIUM ITERATIONS. . . .    15
   STEP CHANGE BOUNDARY CONDITIONS . . . . . . . .    NO
   TERMINATE ANALYSIS IF NOT CONVERGED . . . . . .YES (EXIT)  
   CONVERGENCE CONTROLS. . . . . . . . . . . . . .USE DEFAULTS
   INERTIA LOADS                        X           Y           Z 
      CGOMGA . . . . . . . . . . .  0.0000      250.00      0.0000    
   PRINT OUTPUT CONTROLS . . . . . . . . . . . . .NO PRINTOUT
   DATABASE OUTPUT CONTROLS
      ITEM     FREQUENCY   COMPONENT
       ALL       NONE               
      NSOL        ALL               
      RSOL        ALL               
      EANG        ALL               
      ETMP        ALL               
      VENG        ALL               
      STRS        ALL               
      EPEL        ALL               
      EPPL        ALL               
      CONT        ALL               
      MISC        ALL       _ELMISC 


 SOLUTION MONITORING INFO IS WRITTEN TO FILE= file.mntr                                                                                                                                                                                                                                                           

 *** NOTE ***                            CP =       0.984   TIME= 22:54:58
 Symmetric Deformable- deformable contact pair identified by real        
 constant set 8 and contact element type 8 has been set up.  The         
 companion pair has real constant set ID 9.  Both pairs should have the  
 same behavior.                                                          
 ANSYS will deactivate the current pair and keep its companion pair,     
 resulting in asymmetric contact.                                        
 Small sliding logic is assumed
 Contact algorithm: Augmented Lagrange method
 Contact detection at: Gauss integration point
 Contact stiffness factor FKN                  1.0000    
 The resulting initial contact stiffness      0.23093E+15
 Default penetration tolerance factor FTOLN   0.10000    
 The resulting penetration tolerance          0.95269E-03
 Max. initial friction coefficient MU         0.22000    
 Default tangent stiffness factor FKT          1.0000    
 Default elastic slip factor SLTOL            0.10000E-01
 The resulting elastic slip tolerance         0.15949E-03
 Update contact stiffness at each iteration
 Default Max. friction stress TAUMAX          0.10000E+21
 Average contact surface length               0.15949E-01
 Average contact pair depth                   0.95269E-02
 Average target surface length                0.31304E-02
 Default pinball region factor PINB            1.0000    
 The resulting pinball region                 0.95269E-02

 *** NOTE ***                            CP =       0.984   TIME= 22:54:58
 One of the contact searching regions contains at least 166 target       
 elements.  You may reduce the pinball radius.                           
 *WARNING*: Initial penetration is included.

 *** NOTE ***                            CP =       0.984   TIME= 22:54:58
 Max.  Initial penetration 1.387778781E-17 was detected between contact  
 element 14607 and target element 16214.                                 
 ****************************************
  

 *** NOTE ***                            CP =       0.984   TIME= 22:54:58
 Symmetric Deformable- deformable contact pair identified by real        
 constant set 9 and contact element type 8 has been set up.  The         
 companion pair has real constant set ID 8.  Both pairs should have the  
 same behavior.                                                          
 ANSYS will keep the current pair and deactivate its companion pair,     
 resulting in asymmetric contact.                                        
 Small sliding logic is assumed
 Contact algorithm: Augmented Lagrange method
 Contact detection at: Gauss integration point
 Contact stiffness factor FKN                  1.0000    
 The resulting initial contact stiffness      0.23093E+15
 Default penetration tolerance factor FTOLN   0.10000    
 The resulting penetration tolerance          0.27918E-03
 Max. initial friction coefficient MU         0.22000    
 Default tangent stiffness factor FKT          1.0000    
 Default elastic slip factor SLTOL            0.10000E-01
 The resulting elastic slip tolerance         0.31505E-04
 Update contact stiffness at each iteration
 Default Max. friction stress TAUMAX          0.10000E+21
 Average contact surface length               0.31505E-02
 Average contact pair depth                   0.27918E-02
 Average target surface length                0.15631E-01
 Default pinball region factor PINB            1.0000    
 The resulting pinball region                 0.27918E-02
 *WARNING*: Initial penetration is included.

 *** NOTE ***                            CP =       0.984   TIME= 22:54:58
 Max.  Initial penetration 2.081668171E-17 was detected between contact  
 element 15156 and target element 14589.                                 
 ****************************************
  

 *** NOTE ***                            CP =       0.984   TIME= 22:54:58
 Rigid-constraint surface identified by real constant set 12 and         
 contact element type 12 has been set up.  The degrees of freedom of     
 the rigid surface are driven by the pilot node 13363 which connects to  
 other element 10715.  Internal MPC will be built.                       
 The used degrees of freedom set is  UX   UY   UZ   ROTX ROTY ROTZ
 ****************************************
  
 MAXIMUM NUMBER OF EQUILIBRIUM ITERATIONS HAS BEEN MODIFIED              
  TO BE, NEQIT = 26, BY SOLUTION CONTROL LOGIC.                          


 *** WARNING ***                         CP =       1.109   TIME= 22:54:58
 For element 10715 the element connectivity is 0 and 13363.  The node    
 which is identified as a 0 will be a grounded node.                     

 *** WARNING ***                         CP =       1.109   TIME= 22:54:58
 The sparse solver must be used if any current technology elements with  
 u-P formulation or MPC184 elements using Lagrangian multiplier          
 entangle with other contraint equtions.  The equation solver option     
 has been switched to the sparse solver.                                 

 *** WARNING ***                         CP =       1.234   TIME= 22:54:58
 For element 10715 the element connectivity is 0 and 13363.  The node    
 which is identified as a 0 will be a grounded node.                     
  
 The FEA model contains 0 external CE equations and 468 internal CE      
 equations.                                                              
  
 *************************************************
  SUMMARY FOR CONTACT PAIR IDENTIFIED BY REAL CONSTANT SET           8

 *** NOTE ***                            CP =       1.375   TIME= 22:54:59
 Contact pair is inactive.                                               
  
 *************************************************
  SUMMARY FOR CONTACT PAIR IDENTIFIED BY REAL CONSTANT SET           9
 Max.  Penetration of -2.081668171E-17 has been detected between contact 
 element 15259 and target element 14582.                                 
 For total 859 contact elements, there are 847 elements are in contact.  
 There are 847 elements are in sticking.                                 
 Contacting area 2.4656846E-03.                                          
 Max.  Pinball distance 2.791763172E-03.                                 
 One of the contact searching regions contains at least 11 target        
 elements.                                                               
 Max.  Pressure/force 3.34492078E-03.                                    
 Max.  Normal stiffness 1.606846291E+14.                                 
 Min.  Normal stiffness 1.606846291E+14.                                 
 Max.  Tangential stiffness 2.349409982E+12.                             
 Min.  Tangential stiffness 2.349409982E+12.                             
 Contact pair force norm 8.545022204E-07 and criterion 8.545022331E-08.  
 *************************************************


                         ***********  PRECISE MASS SUMMARY  ***********

   TOTAL RIGID BODY MASS MATRIX ABOUT ORIGIN
               Translational mass               |   Coupled translational/rotational mass
         7.4549        0.0000        0.0000     |     0.0000      -0.20110E-01  -0.16222    
         0.0000        7.4549        0.0000     |    0.20110E-01    0.0000       0.20109E-01
         0.0000        0.0000        7.4549     |    0.16222      -0.20109E-01    0.0000    
     ------------------------------------------ | ------------------------------------------
                                                |         Rotational mass (inertia)
                                                |    0.40389E-01  -0.55301E-03   0.13250E-02
                                                |   -0.55301E-03   0.69685E-01   0.55301E-03
                                                |    0.13250E-02   0.55301E-03   0.40389E-01

   TOTAL MASS =  7.4549    
     The mass principal axes coincide with the global Cartesian axes

   CENTER OF MASS (X,Y,Z)=   0.26975E-02   0.21760E-01  -0.26975E-02

   TOTAL INERTIA ABOUT CENTER OF MASS
        0.36805E-01  -0.11544E-03   0.12708E-02
       -0.11544E-03   0.69577E-01   0.11543E-03
        0.12708E-02   0.11543E-03   0.36805E-01

   PRINCIPAL INERTIAS =   0.38076E-01   0.69577E-01   0.35534E-01
   ORIENTATION VECTORS OF THE INERTIA PRINCIPAL AXES IN GLOBAL CARTESIAN
     ( 0.707, 0.000, 0.707) (-0.003, 1.000, 0.003) (-0.707,-0.005, 0.707) 


  *** MASS SUMMARY BY ELEMENT TYPE ***

  TYPE      MASS
     1   7.17606    
     2  0.139420    
     3  0.139420    

 Range of element maximum matrix coefficients in global coordinates
 Maximum = 2.198025486E+10 at element 4851.                              
 Minimum = 27090489.2 at element 15095.                                  

   *** ELEMENT MATRIX FORMULATION TIMES
     TYPE    NUMBER   ENAME      TOTAL CP  AVE CP

        1      3246  SOLID187      0.062   0.000019
        2      1799  SOLID187      0.031   0.000017
        3      1675  SOLID187      0.000   0.000000
        4       977  CONTA174      0.062   0.000064
        5       977  TARGE170      0.000   0.000000
        6       948  CONTA174      0.078   0.000082
        7       948  TARGE170      0.000   0.000000
        8       895  CONTA174      0.047   0.000052
        9       895  TARGE170      0.000   0.000000
       10       923  CONTA174      0.016   0.000017
       11       923  TARGE170      0.000   0.000000
       12        26  CONTA174      0.000   0.000000
       13         1  TARGE170      0.000   0.000000
       14         1  MPC184        0.000   0.000000
       15        35  SURF154       0.000   0.000000
       16        35  SURF154       0.000   0.000000
 Time at end of element matrix formulation CP = 1.375.                   

 ALL CURRENT MAPDL DATA WRITTEN TO FILE NAME= file.rdb
  FOR POSSIBLE RESUME FROM THIS POINT
     FORCE CONVERGENCE VALUE  =   1458.      CRITERION=   7.437    

 DISTRIBUTED SPARSE MATRIX DIRECT SOLVER.
  Number of equations =       31598,    Maximum wavefront =   3240

  Process memory allocated for solver              =    52.776 MB
  Process memory required for in-core solution     =    33.564 MB
  Process memory required for out-of-core solution =    20.283 MB

  Total memory allocated for solver                =   184.266 MB
  Total memory required for in-core solution       =   111.817 MB
  Total memory required for out-of-core solution   =    63.420 MB

 *** NOTE ***                            CP =       1.453   TIME= 22:54:59
 The Distributed Sparse Matrix Solver is currently running in the        
 in-core memory mode.  This memory mode uses the most amount of memory   
 in order to avoid using the hard drive as much as possible, which most  
 often results in the fastest solution time.  This mode is recommended   
 if enough physical memory is present to accommodate all of the solver   
 data.                                                                   

 *** WARNING ***                         CP =       1.453   TIME= 22:54:59
 Pivoting has been activated for the Distributed Sparse Matrix Solver .  
 The memory required may greatly exceed the predicted amount.  In that   
 event, use the DSPOPTION command to change the memory mode and/or       
 memory size used by the Distributed Sparse Matrix Solver.               
 Distributed sparse solver maximum pivot= 3.095283747E+10 at node 12894  
 UY.                                                                     
 Distributed sparse solver minimum pivot= 53792908.6 at node 394 UY.     
 Distributed sparse solver minimum pivot in absolute value= 53792908.6   
 at node 394 UY.                                                         
     DISP CONVERGENCE VALUE   =  0.5120E-06  CRITERION=  0.2612E-07
    EQUIL ITER   1 COMPLETED.  NEW TRIANG MATRIX.  MAX DOF INC= -0.5120E-06
     DISP CONVERGENCE VALUE   =  0.5120E-06  CRITERION=  0.3950E-07
     LINE SEARCH PARAMETER =   1.000     SCALED MAX DOF INC = -0.5120E-06
     FORCE CONVERGENCE VALUE  =   1307.      CRITERION=   7.685    
    EQUIL ITER   2 COMPLETED.  NEW TRIANG MATRIX.  MAX DOF INC=  0.1616E-06
     DISP CONVERGENCE VALUE   =  0.1616E-06  CRITERION=  0.4031E-07
     LINE SEARCH PARAMETER =   1.000     SCALED MAX DOF INC =  0.1616E-06
     FORCE CONVERGENCE VALUE  =  0.2722E-07  CRITERION=   7.817     <<< CONVERGED
    EQUIL ITER   3 COMPLETED.  NEW TRIANG MATRIX.  MAX DOF INC=  0.3086E-17
     DISP CONVERGENCE VALUE   =  0.3086E-17  CRITERION=  0.4113E-07 <<< CONVERGED
     LINE SEARCH PARAMETER =   1.000     SCALED MAX DOF INC =  0.3086E-17
    >>> SOLUTION CONVERGED AFTER EQUILIBRIUM ITERATION   3

   *** ELEMENT RESULT CALCULATION TIMES
     TYPE    NUMBER   ENAME      TOTAL CP  AVE CP

        1      3246  SOLID187      0.016   0.000005
        2      1799  SOLID187      0.062   0.000035
        3      1675  SOLID187      0.125   0.000075
        4       977  CONTA174      0.016   0.000016
        6       948  CONTA174      0.047   0.000049
        8       895  CONTA174      0.016   0.000017
       10       923  CONTA174      0.016   0.000017
       12        26  CONTA174      0.000   0.000000
       14         1  MPC184        0.000   0.000000
       15        35  SURF154       0.000   0.000000
       16        35  SURF154       0.000   0.000000

   *** NODAL LOAD CALCULATION TIMES
     TYPE    NUMBER   ENAME      TOTAL CP  AVE CP

        1      3246  SOLID187      0.031   0.000010
        2      1799  SOLID187      0.016   0.000009
        3      1675  SOLID187      0.016   0.000009
        4       977  CONTA174      0.016   0.000016
        6       948  CONTA174      0.031   0.000033
        8       895  CONTA174      0.000   0.000000
       10       923  CONTA174      0.031   0.000034
       12        26  CONTA174      0.000   0.000000
       14         1  MPC184        0.000   0.000000
       15        35  SURF154       0.000   0.000000
       16        35  SURF154       0.000   0.000000
 *** LOAD STEP     1   SUBSTEP     1  COMPLETED.    CUM ITER =      3
 *** TIME =  0.200000         TIME INC =  0.200000    
 *** AUTO STEP TIME:  NEXT TIME INC = 0.20000      UNCHANGED

     FORCE CONVERGENCE VALUE  =   90.44      CRITERION=   15.04    
     DISP CONVERGENCE VALUE   =  0.8024E-06  CRITERION=  0.7304E-07
    EQUIL ITER   1 COMPLETED.  NEW TRIANG MATRIX.  MAX DOF INC= -0.8024E-06
     DISP CONVERGENCE VALUE   =  0.8024E-06  CRITERION=  0.7453E-07
     LINE SEARCH PARAMETER =   1.000     SCALED MAX DOF INC = -0.8024E-06
     FORCE CONVERGENCE VALUE  =  0.2937E-07  CRITERION=   15.34     <<< CONVERGED
    EQUIL ITER   2 COMPLETED.  NEW TRIANG MATRIX.  MAX DOF INC=  0.5275E-17
     DISP CONVERGENCE VALUE   =  0.5275E-17  CRITERION=  0.7605E-07 <<< CONVERGED
     LINE SEARCH PARAMETER =   1.000     SCALED MAX DOF INC =  0.5275E-17
     FORCE CONVERGENCE VALUE  =  0.2997E-07  CRITERION=   15.66     <<< CONVERGED
    >>> SOLUTION CONVERGED AFTER EQUILIBRIUM ITERATION   2
 *** LOAD STEP     1   SUBSTEP     2  COMPLETED.    CUM ITER =      5
 *** TIME =  0.400000         TIME INC =  0.200000    
 *** AUTO TIME STEP:  NEXT TIME INC = 0.30000      INCREASED (FACTOR = 1.5000)

     FORCE CONVERGENCE VALUE  =   169.6      CRITERION=   26.42    
     DISP CONVERGENCE VALUE   =  0.1504E-05  CRITERION=  0.1863E-06
    EQUIL ITER   1 COMPLETED.  NEW TRIANG MATRIX.  MAX DOF INC= -0.1504E-05
     DISP CONVERGENCE VALUE   =  0.1504E-05  CRITERION=  0.1901E-06
     LINE SEARCH PARAMETER =   1.000     SCALED MAX DOF INC = -0.1504E-05
     FORCE CONVERGENCE VALUE  =  0.3703E-07  CRITERION=   26.97     <<< CONVERGED
    EQUIL ITER   2 COMPLETED.  NEW TRIANG MATRIX.  MAX DOF INC= -0.4946E-17
     DISP CONVERGENCE VALUE   =  0.4946E-17  CRITERION=  0.1940E-06 <<< CONVERGED
     LINE SEARCH PARAMETER =   1.000     SCALED MAX DOF INC = -0.4946E-17
     FORCE CONVERGENCE VALUE  =  0.4084E-07  CRITERION=   27.52     <<< CONVERGED
    >>> SOLUTION CONVERGED AFTER EQUILIBRIUM ITERATION   2
 *** LOAD STEP     1   SUBSTEP     3  COMPLETED.    CUM ITER =      7
 *** TIME =  0.700000         TIME INC =  0.300000    
 *** AUTO STEP TIME:  NEXT TIME INC = 0.30000      UNCHANGED

     FORCE CONVERGENCE VALUE  =   203.5      CRITERION=   37.98    
     DISP CONVERGENCE VALUE   =  0.1805E-05  CRITERION=  0.2784E-06
    EQUIL ITER   1 COMPLETED.  NEW TRIANG MATRIX.  MAX DOF INC= -0.1805E-05
     DISP CONVERGENCE VALUE   =  0.1805E-05  CRITERION=  0.2841E-06
     LINE SEARCH PARAMETER =   1.000     SCALED MAX DOF INC = -0.1805E-05
     FORCE CONVERGENCE VALUE  =  0.3079E-07  CRITERION=   38.77     <<< CONVERGED
    EQUIL ITER   2 COMPLETED.  NEW TRIANG MATRIX.  MAX DOF INC= -0.3406E-17
     DISP CONVERGENCE VALUE   =  0.3406E-17  CRITERION=  0.2899E-06 <<< CONVERGED
     LINE SEARCH PARAMETER =   1.000     SCALED MAX DOF INC = -0.3406E-17
     FORCE CONVERGENCE VALUE  =  0.3209E-07  CRITERION=   39.56     <<< CONVERGED
    >>> SOLUTION CONVERGED AFTER EQUILIBRIUM ITERATION   2
 *** LOAD STEP     1   SUBSTEP     4  COMPLETED.    CUM ITER =      9
 *** TIME =   1.00000         TIME INC =  0.300000    


 *** MAPDL BINARY FILE STATISTICS
  BUFFER SIZE USED= 16384
        0.312 MB WRITTEN ON ELEMENT MATRIX FILE: file0.emat
       12.938 MB WRITTEN ON ELEMENT SAVED DATA FILE: file0.esav
        6.688 MB WRITTEN ON ASSEMBLED MATRIX FILE: file0.full
        5.188 MB WRITTEN ON RESULTS FILE: file0.rst
 *************** Write FE CONNECTORS *********

 WRITE OUT CONSTRAINT EQUATIONS TO FILE= file.ce                                                                                                                                                                                                                                                             
 ****************************************************
 *************** FINISHED SOLVE FOR LS 1 *************

 *GET  _WALLASOL  FROM  ACTI  ITEM=TIME WALL  VALUE=  22.9188889    

 PRINTOUT RESUMED BY /GOP

 *GET  _PCGITER  FROM  ACTI  ITEM=SOLU CGIT  VALUE= -1.00000000    

 FINISH SOLUTION PROCESSING


 ***** ROUTINE COMPLETED *****  CP =         5.297



 *** MAPDL - ENGINEERING ANALYSIS SYSTEM  RELEASE 2022 R2          22.2     ***
 Ansys Mechanical Enterprise Academic Student      
 00000000  VERSION=WINDOWS x64   22:55:08  DEC 08, 2022 CP=      5.297

 wbnew--Static Structural (A5)                                                 



          ***** MAPDL RESULTS INTERPRETATION (POST1) *****

 *** NOTE ***                            CP =       5.297   TIME= 22:55:08
 Reading results into the database (SET command) will update the current 
 displacement and force boundary conditions in the database with the     
 values from the results file for that load set.  Note that any          
 subsequent solutions will use these values unless action is taken to    
 either SAVE the current values or not overwrite them (/EXIT,NOSAVE).    

 Set Encoding of XML File to:ISO-8859-1

 Set Output of XML File to:
     PARM,     ,     ,     ,     ,     ,     ,     ,     ,     ,     ,     ,
         ,     ,     ,     ,     ,     ,     ,

 DATABASE WRITTEN ON FILE  parm.xml                                                                                                                                                                                                                                                            

 EXIT THE MAPDL POST1 DATABASE PROCESSOR


 ***** ROUTINE COMPLETED *****  CP =         5.297



 PRINTOUT RESUMED BY /GOP

 *GET  _WALLDONE  FROM  ACTI  ITEM=TIME WALL  VALUE=  22.9188889    

 PARAMETER _PREPTIME =     0.000000000    

 PARAMETER _SOLVTIME =     11.00000000    

 PARAMETER _POSTTIME =     0.000000000    

 PARAMETER _TOTALTIM =     11.00000000    

 *GET  _DLBRATIO  FROM  ACTI  ITEM=SOLU DLBR  VALUE=  1.01097695    

 *GET  _COMBTIME  FROM  ACTI  ITEM=SOLU COMB  VALUE= 0.896409000E-01

 *GET  _SSMODE   FROM  ACTI  ITEM=SOLU SSMM  VALUE=  2.00000000    

 *GET  _NDOFS    FROM  ACTI  ITEM=SOLU NDOF  VALUE=  31598.0000    

 *GET  _SOL_END_TIME  FROM  ACTI  ITEM=SET  TIME  VALUE=  1.00000000    

 *IF  _sol_end_time                     ( =   1.00000     )  EQ  
      1.000000                          ( =   1.00000     )  THEN    

 /FCLEAN COMMAND REMOVING ALL LOCAL FILES

 *ENDIF
 --- Total number of nodes = 13363
 --- Total number of elements = 14304
 --- Element load balance ratio = 1.01097695
 --- Time to combine distributed files = 8.96409E-02
 --- Sparse memory mode = 2
 --- Number of DOF = 31598

 EXIT MAPDL WITHOUT SAVING DATABASE


 NUMBER OF WARNING MESSAGES ENCOUNTERED=          8
 NUMBER OF ERROR   MESSAGES ENCOUNTERED=          0

+--------------------- M A P D L   S T A T I S T I C S ------------------------+

Release: 2022 R2            Build: 22.2       Update: UP20220516   Platform: WINDOWS x64 
Date Run: 12/08/2022   Time: 22:55     Process ID: 23780
Operating System: Windows 10  (Build: 22621)

Processor Model: 12th Gen Intel(R) Core(TM) i7-1260P

Compiler: Intel(R) Fortran Compiler Version 19.0.5  (Build: 20190815)
          Intel(R) C/C++ Compiler Version 19.0.5  (Build: 20190815)
          Intel(R) Math Kernel Library Version 2020.0.0 Product Build 20191125
          BLAS Library supplied by Intel(R) MKL

Number of machines requested            :    1
Total number of cores available         :   16
Number of physical cores available      :   12
Number of processes requested           :    4
Number of threads per process requested :    1
Total number of cores requested         :    4 (Distributed Memory Parallel)               
MPI Type: INTELMPI
MPI Version: Intel(R) MPI Library 2021.5 for Windows* OS


GPU Acceleration: Not Requested

Job Name: file0
Input File: dummy.dat

  Core                Machine Name   Working Directory
 -----------------------------------------------------
     0               EpsilonEngine   C:\Users\poitz\AppData\Local\Temp\WB_poitz_25024_2\_ProjectScratch\ScrE820
     1               EpsilonEngine   C:\Users\poitz\AppData\Local\Temp\WB_poitz_25024_2\_ProjectScratch\ScrE820
     2               EpsilonEngine   C:\Users\poitz\AppData\Local\Temp\WB_poitz_25024_2\_ProjectScratch\ScrE820
     3               EpsilonEngine   C:\Users\poitz\AppData\Local\Temp\WB_poitz_25024_2\_ProjectScratch\ScrE820
 
Latency time from master to core     1 =    2.613 microseconds
Latency time from master to core     2 =   16.734 microseconds
Latency time from master to core     3 =    8.055 microseconds
 
Communication speed from master to core     1 = 10133.12 MB/sec
Communication speed from master to core     2 =  4585.60 MB/sec
Communication speed from master to core     3 =  6379.84 MB/sec

Total CPU time for main thread                    :        4.7 seconds
Total CPU time summed for all threads             :        5.8 seconds

Elapsed time spent obtaining a license            :        0.3 seconds
Elapsed time spent pre-processing model (/PREP7)  :        0.1 seconds
Elapsed time spent solution - preprocessing       :        0.4 seconds
Elapsed time spent computing solution             :       10.0 seconds
Elapsed time spent solution - postprocessing      :        0.1 seconds
Elapsed time spent post-processing model (/POST1) :        0.0 seconds
 
Equation solver used                              :            Sparse (symmetric)
Equation solver computational rate                :       23.2 Gflops

Sum of memory used on all processes               :      631.0 MB
Sum of memory allocated on all processes          :     5184.0 MB
Physical memory available                         :         16 GB

Total amount of I/O written to disk               :        1.0 GB
Total amount of I/O read from disk                :        6.9 GB

+------------------ E N D   M A P D L   S T A T I S T I C S -------------------+


 *---------------------------------------------------------------------------*
 |                                                                           |
 |                               RUN COMPLETED                               |
 |                                                                           |
 |---------------------------------------------------------------------------|
 |                                                                           |
 |  Ansys MAPDL 2022 R2         Build 22.2         UP20220516    WINDOWS x64 |
 |                                                                           |
 |---------------------------------------------------------------------------|
 |                                                                           |
 | Database Requested(-db)  1024 MB    Scratch Memory Requested      1024 MB |
 | Maximum Database Used      21 MB    Maximum Scratch Memory Used    153 MB |
 |                                                                           |
 |---------------------------------------------------------------------------|
 |                                                                           |
 |        CP Time      (sec) =          5.844       Time  =  22:55:09        |
 |        Elapsed Time (sec) =         13.000       Date  =  12/08/2022      |
 |                                                                           |
 *---------------------------------------------------------------------------*
