
 Ansys Mechanical Enterprise Academic Student      


 *------------------------------------------------------------------*
 |                                                                  |
 |   W E L C O M E   T O   T H E   A N S Y S (R)  P R O G R A M     |
 |                                                                  |
 *------------------------------------------------------------------*




 ***************************************************************
 *         ANSYS MAPDL 2022 R2          LEGAL NOTICES          *
 ***************************************************************
 *                                                             *
 * Copyright 1971-2022 Ansys, Inc.  All rights reserved.       *
 * Unauthorized use, distribution or duplication is            *
 * prohibited.                                                 *
 *                                                             *
 * Ansys is a registered trademark of Ansys, Inc. or its       *
 * subsidiaries in the United States or other countries.       *
 * See the Ansys, Inc. online documentation or the Ansys, Inc. *
 * documentation CD or online help for the complete Legal      *
 * Notice.                                                     *
 *                                                             *
 ***************************************************************
 *                                                             *
 * THIS ANSYS SOFTWARE PRODUCT AND PROGRAM DOCUMENTATION       *
 * INCLUDE TRADE SECRETS AND CONFIDENTIAL AND PROPRIETARY      *
 * PRODUCTS OF ANSYS, INC., ITS SUBSIDIARIES, OR LICENSORS.    *
 * The software products and documentation are furnished by    *
 * Ansys, Inc. or its subsidiaries under a software license    *
 * agreement that contains provisions concerning               *
 * non-disclosure, copying, length and nature of use,          *
 * compliance with exporting laws, warranties, disclaimers,    *
 * limitations of liability, and remedies, and other           *
 * provisions.  The software products and documentation may be *
 * used, disclosed, transferred, or copied only in accordance  *
 * with the terms and conditions of that software license      *
 * agreement.                                                  *
 *                                                             *
 * Ansys, Inc. is a UL registered                              *
 * ISO 9001:2015 company.                                      *
 *                                                             *
 ***************************************************************
 *                                                             *
 * This product is subject to U.S. laws governing export and   *
 * re-export.                                                  *
 *                                                             *
 * For U.S. Government users, except as specifically granted   *
 * by the Ansys, Inc. software license agreement, the use,     *
 * duplication, or disclosure by the United States Government  *
 * is subject to restrictions stated in the Ansys, Inc.        *
 * software license agreement and FAR 12.212 (for non-DOD      *
 * licenses).                                                  *
 *                                                             *
 ***************************************************************

 2022 R2 
     
 Point Releases and Patches installed:   
     
 Ansys, Inc. Products 2022 R2
 Autodyn 2022 R2 
 SpaceClaim 2022 R2  
 CFX (includes CFD-Post) 2022 R2 
 Chemkin 2022 R2 
 EnSight 2022 R2 
 FENSAP-ICE 2022 R2  
 Fluent (includes CFD-Post) 2022 R2  
 Polyflow (includes CFD-Post) 2022 R2
 Forte (includes EnSight) 2022 R2
 TurboGrid 2022 R2   
 Aqwa 2022 R2
 Mechanical Products 2022 R2 
 ACIS Geometry Interface 2022 R2 
 AutoCAD Geometry Interface 2022 R2  
 Catia, Version 4 Geometry Interface 2022 R2 
 Catia, Version 5 Geometry Interface 2022 R2 
 Catia, Version 6 Geometry Interface 2022 R2 
 Creo Elements/Direct Modeling Geometry Interface 2022 R2
 Creo Parametric Geometry Interface 2022 R2  
 Inventor Geometry Interface 2022 R2 
 JTOpen Geometry Interface 2022 R2   
 NX Geometry Interface 2022 R2   
 Parasolid Geometry Interface  2022 R2   
 Solid Edge Geometry Interface 2022 R2   
 SOLIDWORKS Geometry Interface 2022 R2   
 Academic Student 2022 R2


          *****  MAPDL COMMAND LINE ARGUMENTS  *****
  BATCH MODE REQUESTED (-b)    = NOLIST
  INPUT FILE COPY MODE (-c)    = COPY
  DISTRIBUTED MEMORY PARALLEL REQUESTED
       4 PARALLEL PROCESSES REQUESTED WITH SINGLE THREAD PER PROCESS
    TOTAL OF     4 CORES REQUESTED
  INPUT FILE NAME              = C:\Users\poitz\Repos\MAE598\Project2\_ProjectScratch\ScrC0A9\dummy.dat
  OUTPUT FILE NAME             = C:\Users\poitz\Repos\MAE598\Project2\_ProjectScratch\ScrC0A9\solve.out
  START-UP FILE MODE           = NOREAD
  STOP FILE MODE               = NOREAD

 RELEASE= 2022 R2              BUILD= 22.2      UP20220516   VERSION=WINDOWS x64 
 CURRENT JOBNAME=file0  23:58:00  DEC 08, 2022 CP=      0.016


 PARAMETER _DS_PROGRESS =     999.0000000    

 /INPUT FILE= ds.dat  LINE=       0



 *** NOTE ***                            CP =       0.078   TIME= 23:58:00
 The /CONFIG,NOELDB command is not valid in a distributed memory         
 parallel solution.  Command is ignored.                                 

 *GET  _WALLSTRT  FROM  ACTI  ITEM=TIME WALL  VALUE=  23.9666667    

 TITLE= 
 Project--Modal (B5)                                                           

  ACT Extensions:
      LSDYNA, 2022.2
      5f463412-bd3e-484b-87e7-cbc0a665e474, wbex
 /COM,     ANSYSMotion, 2022.2
      20180725-3f81-49eb-9f31-41364844c769, wbex
  

 SET PARAMETER DIMENSIONS ON  _WB_PROJECTSCRATCH_DIR
  TYPE=STRI  DIMENSIONS=      248        1        1

 PARAMETER _WB_PROJECTSCRATCH_DIR(1) = C:\Users\poitz\Repos\MAE598\Project2\_ProjectScratch\ScrC0A9\

 SET PARAMETER DIMENSIONS ON  _WB_SOLVERFILES_DIR
  TYPE=STRI  DIMENSIONS=      248        1        1

 PARAMETER _WB_SOLVERFILES_DIR(1) = C:\Users\poitz\Repos\MAE598\Project2\Project_files\dp0\SYS-1\MECH\

 SET PARAMETER DIMENSIONS ON  _WB_USERFILES_DIR
  TYPE=STRI  DIMENSIONS=      248        1        1

 PARAMETER _WB_USERFILES_DIR(1) = C:\Users\poitz\Repos\MAE598\Project2\Project_files\user_files\
 --- Data in consistent MKS units. See Solving Units in the help system for more

 MKS UNITS SPECIFIED FOR INTERNAL    
  LENGTH        (l)  = METER (M)
  MASS          (M)  = KILOGRAM (KG)
  TIME          (t)  = SECOND (SEC)
  TEMPERATURE   (T)  = CELSIUS (C)
  TOFFSET            = 273.0
  CHARGE        (Q)  = COULOMB
  FORCE         (f)  = NEWTON (N) (KG-M/SEC2)
  HEAT               = JOULE (N-M)

  PRESSURE           = PASCAL (NEWTON/M**2)
  ENERGY        (W)  = JOULE (N-M)
  POWER         (P)  = WATT (N-M/SEC)
  CURRENT       (i)  = AMPERE (COULOMBS/SEC)
  CAPACITANCE   (C)  = FARAD
  INDUCTANCE    (L)  = HENRY
  MAGNETIC FLUX      = WEBER
  RESISTANCE    (R)  = OHM
  ELECTRIC POTENTIAL = VOLT

 INPUT  UNITS ARE ALSO SET TO MKS 

 *** MAPDL - ENGINEERING ANALYSIS SYSTEM  RELEASE 2022 R2          22.2     ***
 Ansys Mechanical Enterprise Academic Student      
 00000000  VERSION=WINDOWS x64   23:58:00  DEC 08, 2022 CP=      0.078

 Project--Modal (B5)                                                           



          ***** MAPDL ANALYSIS DEFINITION (PREP7) *****
 *********** Nodes for the whole assembly ***********
 *********** Elements for Body 1 "Solid" ***********
 *********** Send User Defined Coordinate System(s) ***********
 *********** Set Reference Temperature ***********
 *********** Send Materials ***********


 ***** ROUTINE COMPLETED *****  CP =         0.094


 --- Number of total nodes = 6421
 --- Number of contact elements = 0
 --- Number of spring elements = 0
 --- Number of bearing elements = 0
 --- Number of solid elements = 3246
 --- Number of condensed parts = 0
 --- Number of total elements = 3246

 *GET  _WALLBSOL  FROM  ACTI  ITEM=TIME WALL  VALUE=  23.9666667    

 *****  MAPDL SOLUTION ROUTINE  *****


 PERFORM A MODAL ANALYSIS
  THIS WILL BE A NEW ANALYSIS

 PARAMETER _THICKRATIO =     1.000000000    


 USE SYM. BLOCK LANCZOS MODE EXTRACTION METHOD
  EXTRACT    10 MODES
  NORMALIZE THE MODE SHAPES TO THE MASS MATRIX

 ERASE THE CURRENT DATABASE OUTPUT CONTROL TABLE.


 WRITE ALL  ITEMS TO THE DATABASE WITH A FREQUENCY OF NONE
   FOR ALL APPLICABLE ENTITIES

 WRITE NSOL ITEMS TO THE DATABASE WITH A FREQUENCY OF ALL 
   FOR ALL APPLICABLE ENTITIES


 EXPAND ALL EXTRACTED MODES
  DO NOT CALCULATE ELEMENT RESULTS

 DO NOT COMBINE ELEMENT SAVE DATA FILES (.esav) AFTER DISTRIBUTED PARALLEL SOLUTION

 DO NOT COMBINE ELEMENT MATRIX FILES (.emat) AFTER DISTRIBUTED PARALLEL SOLUTION

 DO NOT COMBINE ASSEMBLED MATRIX FILES (.full) AFTER DISTRIBUTED PARALLEL SOLUTION

 *GET  ANSINTER_  FROM  ACTI  ITEM=INT        VALUE=  0.00000000    

 *IF  ANSINTER_                         ( =   0.00000     )  NE  
      0                                 ( =   0.00000     )  THEN    

 *ENDIF

 *** NOTE ***                            CP =       0.125   TIME= 23:58:00
 The automatic domain decomposition logic has selected the MESH domain   
 decomposition method with 4 processes per solution.                     

 *****  MAPDL SOLVE    COMMAND  *****

 *** WARNING ***                         CP =       0.125   TIME= 23:58:00
 Element shape checking is currently inactive.  Issue SHPP,ON or         
 SHPP,WARN to reactivate, if desired.                                    

 *** NOTE ***                            CP =       0.125   TIME= 23:58:00
 The model data was checked and warning messages were found.             
  Please review output or errors file (                                  
 C:\Users\poitz\Repos\MAE598\Project2\_ProjectScratch\ScrC0A9\file0.err  
 ) for these warning messages.                                           

 *** SELECTION OF ELEMENT TECHNOLOGIES FOR APPLICABLE ELEMENTS ***
      --- GIVE SUGGESTIONS AND RESET THE KEY OPTIONS ---

 ELEMENT TYPE         1 IS SOLID187. IT IS NOT ASSOCIATED WITH FULLY INCOMPRESSIBLE
 HYPERELASTIC MATERIALS. NO SUGGESTION IS AVAILABLE AND NO RESETTING IS NEEDED.



 *** MAPDL - ENGINEERING ANALYSIS SYSTEM  RELEASE 2022 R2          22.2     ***
 Ansys Mechanical Enterprise Academic Student      
 00000000  VERSION=WINDOWS x64   23:58:00  DEC 08, 2022 CP=      0.125

 Project--Modal (B5)                                                           



                       S O L U T I O N   O P T I O N S

   PROBLEM DIMENSIONALITY. . . . . . . . . . . . .3-D                  
   DEGREES OF FREEDOM. . . . . . UX   UY   UZ  
   ANALYSIS TYPE . . . . . . . . . . . . . . . . .MODAL                
      EXTRACTION METHOD. . . . . . . . . . . . . .BLOCK LANCZOS
   OFFSET TEMPERATURE FROM ABSOLUTE ZERO . . . . .  273.15    
   NUMBER OF MODES TO EXTRACT. . . . . . . . . . .    10
   GLOBALLY ASSEMBLED MATRIX . . . . . . . . . . .SYMMETRIC  
   NUMBER OF MODES TO EXPAND . . . . . . . . . . .ALL
   ELEMENT RESULTS CALCULATION . . . . . . . . . .OFF

 *** WARNING ***                         CP =       0.125   TIME= 23:58:00
 No constraints have been defined using the D command.                   

 *** NOTE ***                            CP =       0.125   TIME= 23:58:00
 The step data was checked and warning messages were found.              
  Please review output or errors file (                                  
 C:\Users\poitz\Repos\MAE598\Project2\_ProjectScratch\ScrC0A9\file0.err  
 ) for these warning messages.                                           

 *** NOTE ***                            CP =       0.125   TIME= 23:58:00
 The conditions for direct assembly have been met.  No .emat or .erot    
 files will be produced.                                                 

  
  
     D I S T R I B U T E D   D O M A I N   D E C O M P O S E R
  
  ...Number of elements: 3246
  ...Number of nodes:    6421
  ...Decompose to 4 CPU domains
  ...Element load balance ratio =     1.001


                      L O A D   S T E P   O P T I O N S

   LOAD STEP NUMBER. . . . . . . . . . . . . . . .     1
   THERMAL STRAINS INCLUDED IN THE LOAD VECTOR . .   YES
   PRINT OUTPUT CONTROLS . . . . . . . . . . . . .NO PRINTOUT
   DATABASE OUTPUT CONTROLS
      ITEM     FREQUENCY   COMPONENT
       ALL       NONE               
      NSOL        ALL               



                         ***********  PRECISE MASS SUMMARY  ***********

   TOTAL RIGID BODY MASS MATRIX ABOUT ORIGIN
               Translational mass               |   Coupled translational/rotational mass
         7.1761        0.0000        0.0000     |     0.0000      -0.23198E-07  -0.15455    
         0.0000        7.1761        0.0000     |    0.23198E-07    0.0000      -0.97087E-07
         0.0000        0.0000        7.1761     |    0.15455       0.97087E-07    0.0000    
     ------------------------------------------ | ------------------------------------------
                                                |         Rotational mass (inertia)
                                                |    0.38513E-01   0.13579E-08   0.40291E-08
                                                |    0.13579E-08   0.66481E-01  -0.27968E-08
                                                |    0.40291E-08  -0.27968E-08   0.38513E-01

   TOTAL MASS =  7.1761    
     The mass principal axes coincide with the global Cartesian axes

   CENTER OF MASS (X,Y,Z)=  -0.13529E-07   0.21537E-01  -0.32327E-08

   TOTAL INERTIA ABOUT CENTER OF MASS
        0.35184E-01  -0.73306E-09   0.40291E-08
       -0.73306E-09   0.66481E-01  -0.32964E-08
        0.40291E-08  -0.32964E-08   0.35184E-01
     The inertia principal axes coincide with the global Cartesian axes


  *** MASS SUMMARY BY ELEMENT TYPE ***

  TYPE      MASS
     1   7.17606    

 Range of element maximum matrix coefficients in global coordinates
 Maximum = 9.950278256E+09 at element 3204.                              
 Minimum = 367589620 at element 1994.                                    

   *** ELEMENT MATRIX FORMULATION TIMES
     TYPE    NUMBER   ENAME      TOTAL CP  AVE CP

        1      3246  SOLID187      0.109   0.000034
 Time at end of element matrix formulation CP = 0.25.                    

  BLOCK LANCZOS CALCULATION OF UP TO    10 EIGENVECTORS.
  NUMBER OF EQUATIONS              =        19263
  MAXIMUM WAVEFRONT                =          240
  MAXIMUM MODES STORED             =           10
  MINIMUM EIGENVALUE               =  0.00000E+00
  MAXIMUM EIGENVALUE               =  0.10000E+31


  Process memory allocated for solver              =    19.701 MB
  Process memory required for in-core solution     =    18.783 MB
  Process memory required for out-of-core solution =    10.899 MB

  Total memory allocated for solver                =    80.143 MB
  Total memory required for in-core solution       =    76.406 MB
  Total memory required for out-of-core solution   =    43.619 MB

 *** NOTE ***                            CP =       0.438   TIME= 23:58:01
 The Distributed Sparse Matrix Solver used by the Block Lanczos          
 eigensolver is currently running in the in-core memory mode.  This      
 memory mode uses the most amount of memory in order to avoid using the  
 hard drive as much as possible, which most often results in the         
 fastest solution time.  This mode is recommended if enough physical     
 memory is present to accommodate all of the solver data.                

  Process memory required for in-core LANCZOS Workspace             =     25.134682 MB
  Process memory required for out-of-core LANCZOS Workspace         =     1.069954 MB

  Total   memory required for in-core LANCZOS Workspace             =     89.833649 MB
  Total   memory required for out-of-core LANCZOS Workspace         =     4.024933 MB


 *** MAPDL - ENGINEERING ANALYSIS SYSTEM  RELEASE 2022 R2          22.2     ***
 Ansys Mechanical Enterprise Academic Student      
 00000000  VERSION=WINDOWS x64   23:58:01  DEC 08, 2022 CP=      0.609

 Project--Modal (B5)                                                           


 NEGATIVE FREQUENCY OF -0.3148E-02 SET TO ZERO
 NEGATIVE FREQUENCY OF -0.2611E-02 SET TO ZERO
 NEGATIVE FREQUENCY OF -0.1944E-02 SET TO ZERO

 *** FREQUENCIES FROM BLOCK LANCZOS ITERATION ***

  MODE    FREQUENCY (HERTZ)      


    1     0.000000000000    
    2     0.000000000000    
    3     0.000000000000    
    4    0.1002801750436E-02
    5    0.2561546850755E-02
    6    0.2943938981970E-02
    7     1612.576869498    
    8     1616.235672554    
    9     2805.755691505    
   10     2820.375450476    

 *** MAPDL - ENGINEERING ANALYSIS SYSTEM  RELEASE 2022 R2          22.2     ***
 Ansys Mechanical Enterprise Academic Student      
 00000000  VERSION=WINDOWS x64   23:58:01  DEC 08, 2022 CP=      0.625

 Project--Modal (B5)                                                           





          ***** PARTICIPATION FACTOR CALCULATION *****  X  DIRECTION
                                                                                  CUMULATIVE     RATIO EFF.MASS
  MODE   FREQUENCY       PERIOD      PARTIC.FACTOR     RATIO    EFFECTIVE MASS   MASS FRACTION   TO TOTAL MASS
     1     0.00000        0.0000       -1.3018        0.769695     1.69456        0.236141        0.236141    
     2     0.00000        0.0000       -1.1293        0.667700     1.27521        0.413844        0.177703    
     3     0.00000        0.0000       0.82575        0.488247    0.681865        0.508864        0.950194E-01
     4    0.100280E-02    997.21       0.43950        0.259866    0.193160        0.535781        0.269173E-01
     5    0.256155E-02    390.39       0.68623        0.405751    0.470912        0.601404        0.656226E-01
     6    0.294394E-02    339.68        1.6913        1.000000     2.86035         1.00000        0.398596    
     7     1612.58       0.62013E-03    0.0000        0.000000     0.00000         1.00000         0.00000    
     8     1616.24       0.61872E-03    0.0000        0.000000     0.00000         1.00000         0.00000    
     9     2805.76       0.35641E-03    0.0000        0.000000     0.00000         1.00000         0.00000    
    10     2820.38       0.35456E-03    0.0000        0.000000     0.00000         1.00000         0.00000    
 -----------------------------------------------------------------------------------------------------------------
   sum                                                             7.17606                         1.00000    
 -----------------------------------------------------------------------------------------------------------------



          ***** PARTICIPATION FACTOR CALCULATION *****  Y  DIRECTION
                                                                                  CUMULATIVE     RATIO EFF.MASS
  MODE   FREQUENCY       PERIOD      PARTIC.FACTOR     RATIO    EFFECTIVE MASS   MASS FRACTION   TO TOTAL MASS
     1     0.00000        0.0000       0.12766        0.053021    0.162972E-01    0.227105E-02    0.227105E-02
     2     0.00000        0.0000       0.48760        0.202514    0.237755        0.354027E-01    0.331317E-01
     3     0.00000        0.0000       -1.0174        0.422548     1.03507        0.179642        0.144239    
     4    0.100280E-02    997.21        2.4077        1.000000     5.79719        0.987494        0.807852    
     5    0.256155E-02    390.39       0.21654        0.089937    0.468913E-01    0.994028        0.653440E-02
     6    0.294394E-02    339.68       0.20701        0.085978    0.428545E-01     1.00000        0.597187E-02
     7     1612.58       0.62013E-03    0.0000        0.000000     0.00000         1.00000         0.00000    
     8     1616.24       0.61872E-03    0.0000        0.000000     0.00000         1.00000         0.00000    
     9     2805.76       0.35641E-03    0.0000        0.000000     0.00000         1.00000         0.00000    
    10     2820.38       0.35456E-03    0.0000        0.000000     0.00000         1.00000         0.00000    
 -----------------------------------------------------------------------------------------------------------------
   sum                                                             7.17606                         1.00000    
 -----------------------------------------------------------------------------------------------------------------



          ***** PARTICIPATION FACTOR CALCULATION *****  Z  DIRECTION
                                                                                  CUMULATIVE     RATIO EFF.MASS
  MODE   FREQUENCY       PERIOD      PARTIC.FACTOR     RATIO    EFFECTIVE MASS   MASS FRACTION   TO TOTAL MASS
     1     0.00000        0.0000      -0.95157        0.529134    0.905484        0.126181        0.126181    
     2     0.00000        0.0000        1.4781        0.821920     2.18478        0.430635        0.304454    
     3     0.00000        0.0000       0.66731        0.371070    0.445307        0.492690        0.620545E-01
     4    0.100280E-02    997.21       0.14138        0.078616    0.199878E-01    0.495475        0.278535E-02
     5    0.256155E-02    390.39       -1.7984        1.000000     3.23406        0.946149        0.450674    
     6    0.294394E-02    339.68       0.62164        0.345672    0.386435         1.00000        0.538506E-01
     7     1612.58       0.62013E-03    0.0000        0.000000     0.00000         1.00000         0.00000    
     8     1616.24       0.61872E-03    0.0000        0.000000     0.00000         1.00000         0.00000    
     9     2805.76       0.35641E-03    0.0000        0.000000     0.00000         1.00000         0.00000    
    10     2820.38       0.35456E-03    0.0000        0.000000     0.00000         1.00000         0.00000    
 -----------------------------------------------------------------------------------------------------------------
   sum                                                             7.17606                         1.00000    
 -----------------------------------------------------------------------------------------------------------------



          ***** PARTICIPATION FACTOR CALCULATION *****ROTX DIRECTION
                                                                                  CUMULATIVE     RATIO EFF.MASS
  MODE   FREQUENCY       PERIOD      PARTIC.FACTOR     RATIO    EFFECTIVE MASS   MASS FRACTION   TO TOTAL MASS
     1     0.00000        0.0000       0.36761E-01    0.224541    0.135137E-02    0.350888E-01    0.350888E-01
     2     0.00000        0.0000      -0.80488E-01    0.491630    0.647826E-02    0.203300        0.168211    
     3     0.00000        0.0000      -0.30688E-01    0.187445    0.941735E-03    0.227752        0.244526E-01
     4    0.100280E-02    997.21       0.11554E-01    0.070575    0.133502E-03    0.231219        0.346645E-02
     5    0.256155E-02    390.39      -0.16372        1.000000    0.268029E-01    0.927168        0.695950    
     6    0.294394E-02    339.68       0.52962E-01    0.323497    0.280494E-02     1.00000        0.728315E-01
     7     1612.58       0.62013E-03    0.0000        0.000000     0.00000         1.00000         0.00000    
     8     1616.24       0.61872E-03    0.0000        0.000000     0.00000         1.00000         0.00000    
     9     2805.76       0.35641E-03    0.0000        0.000000     0.00000         1.00000         0.00000    
    10     2820.38       0.35456E-03    0.0000        0.000000     0.00000         1.00000         0.00000    
 -----------------------------------------------------------------------------------------------------------------
   sum                                                            0.385127E-01                     1.00000    
 -----------------------------------------------------------------------------------------------------------------



          ***** PARTICIPATION FACTOR CALCULATION *****ROTY DIRECTION
                                                                                  CUMULATIVE     RATIO EFF.MASS
  MODE   FREQUENCY       PERIOD      PARTIC.FACTOR     RATIO    EFFECTIVE MASS   MASS FRACTION   TO TOTAL MASS
     1     0.00000        0.0000       0.11167        0.541297    0.124701E-01    0.187575        0.187575    
     2     0.00000        0.0000      -0.23370E-01    0.113282    0.546164E-03    0.195791        0.821538E-02
     3     0.00000        0.0000       0.20630        1.000000    0.425598E-01    0.835974        0.640183    
     4    0.100280E-02    997.21       0.91275E-01    0.442440    0.833122E-02    0.961291        0.125318    
     5    0.256155E-02    390.39      -0.11637E-01    0.056409    0.135422E-03    0.963328        0.203701E-02
     6    0.294394E-02    339.68      -0.49376E-01    0.239339    0.243795E-02     1.00000        0.366716E-01
     7     1612.58       0.62013E-03    0.0000        0.000000     0.00000         1.00000         0.00000    
     8     1616.24       0.61872E-03    0.0000        0.000000     0.00000         1.00000         0.00000    
     9     2805.76       0.35641E-03    0.0000        0.000000     0.00000         1.00000         0.00000    
    10     2820.38       0.35456E-03    0.0000        0.000000     0.00000         1.00000         0.00000    
 -----------------------------------------------------------------------------------------------------------------
   sum                                                            0.664807E-01                     1.00000    
 -----------------------------------------------------------------------------------------------------------------



          ***** PARTICIPATION FACTOR CALCULATION *****ROTZ DIRECTION
                                                                                  CUMULATIVE     RATIO EFF.MASS
  MODE   FREQUENCY       PERIOD      PARTIC.FACTOR     RATIO    EFFECTIVE MASS   MASS FRACTION   TO TOTAL MASS
     1     0.00000        0.0000      -0.83672E-01    0.511137    0.700104E-02    0.181785        0.181785    
     2     0.00000        0.0000      -0.40094E-01    0.244926    0.160753E-02    0.223526        0.417402E-01
     3     0.00000        0.0000      -0.12484E-01    0.076264    0.155858E-03    0.227572        0.404693E-02
     4    0.100280E-02    997.21       0.25662E-01    0.156761    0.658514E-03    0.244671        0.170986E-01
     5    0.256155E-02    390.39      -0.47881E-01    0.292497    0.229261E-02    0.304200        0.595288E-01
     6    0.294394E-02    339.68      -0.16370        1.000000    0.267971E-01     1.00000        0.695800    
     7     1612.58       0.62013E-03    0.0000        0.000000     0.00000         1.00000         0.00000    
     8     1616.24       0.61872E-03    0.0000        0.000000     0.00000         1.00000         0.00000    
     9     2805.76       0.35641E-03    0.0000        0.000000     0.00000         1.00000         0.00000    
    10     2820.38       0.35456E-03    0.0000        0.000000     0.00000         1.00000         0.00000    
 -----------------------------------------------------------------------------------------------------------------
   sum                                                            0.385127E-01                     1.00000    
 -----------------------------------------------------------------------------------------------------------------





 *** NOTE ***                            CP =       0.625   TIME= 23:58:01
 The modes requested are mass normalized (Nrmkey on MODOPT).  However,   
 the modal masses and kinetic energies below are calculated with unit    
 normalized modes.                                                       

        ***** MODAL MASSES, KINETIC ENERGIES, AND TRANSLATIONAL EFFECTIVE MASSES SUMMARY *****

                                                                         EFFECTIVE MASS
  MODE  FREQUENCY   MODAL MASS     KENE      |      X-DIR      RATIO%   Y-DIR      RATIO%   Z-DIR      RATIO% 
     1   0.000       4.650       0.000       |     1.695       23.61  0.1630E-01    0.23  0.9055       12.62
     2   0.000       3.588       0.000       |     1.275       17.77  0.2378        3.31   2.185       30.45
     3   0.000       3.938       0.000       |    0.6819        9.50   1.035       14.42  0.4453        6.21
     4  0.1003E-02   4.646      0.9223E-04   |    0.1932        2.69   5.797       80.79  0.1999E-01    0.28
     5  0.2562E-02   4.174      0.5406E-03   |    0.4709        6.56  0.4689E-01    0.65   3.234       45.07
     6  0.2944E-02   3.962      0.6779E-03   |     2.860       39.86  0.4285E-01    0.60  0.3864        5.39
     7   1613.       1.779      0.9134E+08   |     0.000        0.00   0.000        0.00   0.000        0.00
     8   1616.       1.785      0.9202E+08   |     0.000        0.00   0.000        0.00   0.000        0.00
     9   2806.       4.335      0.6737E+09   |     0.000        0.00   0.000        0.00   0.000        0.00
    10   2820.       2.190      0.3438E+09   |     0.000        0.00   0.000        0.00   0.000        0.00
 --------------------------------------------------------------------------------------------------------------
   sum                                       |     7.176      100.00   7.176      100.00   7.176      100.00
 --------------------------------------------------------------------------------------------------------------


 *** MAPDL BINARY FILE STATISTICS
  BUFFER SIZE USED= 16384
        3.438 MB WRITTEN ON ASSEMBLED MATRIX FILE: file0.full
        0.438 MB WRITTEN ON MODAL MATRIX FILE: file0.mode
        1.000 MB WRITTEN ON RESULTS FILE: file0.rst
 *************** Write FE CONNECTORS *********

 WRITE OUT CONSTRAINT EQUATIONS TO FILE= file.ce                                                                                                                                                                                                                                                             

 *GET  _NMODALSOLPROC  FROM  ACTI  ITEM=NUMC       VALUE=  4.00000000    

 FINISH SOLUTION PROCESSING


 ***** ROUTINE COMPLETED *****  CP =         0.641



 PRINTOUT RESUMED BY /GOP

 *GET  _WALLASOL  FROM  ACTI  ITEM=TIME WALL  VALUE=  23.9669444    

 *** MAPDL - ENGINEERING ANALYSIS SYSTEM  RELEASE 2022 R2          22.2     ***
 Ansys Mechanical Enterprise Academic Student      
 00000000  VERSION=WINDOWS x64   23:58:01  DEC 08, 2022 CP=      0.641

 Project--Modal (B5)                                                           



          ***** MAPDL RESULTS INTERPRETATION (POST1) *****

 *** NOTE ***                            CP =       0.641   TIME= 23:58:01
 Reading results into the database (SET command) will update the current 
 displacement and force boundary conditions in the database with the     
 values from the results file for that load set.  Note that any          
 subsequent solutions will use these values unless action is taken to    
 either SAVE the current values or not overwrite them (/EXIT,NOSAVE).    

 PRINTOUT RESUMED BY /GOP

 Set Encoding of XML File to:ISO-8859-1

 Set Output of XML File to:
     PARM,     ,     ,     ,     ,     ,     ,     ,     ,     ,     ,     ,
         ,     ,     ,     ,     ,     ,     ,

 DATABASE WRITTEN ON FILE  parm.xml                                                                                                                                                                                                                                                            

 EXIT THE MAPDL POST1 DATABASE PROCESSOR


 ***** ROUTINE COMPLETED *****  CP =         0.672



 PRINTOUT RESUMED BY /GOP

 *GET  _WALLDONE  FROM  ACTI  ITEM=TIME WALL  VALUE=  23.9669444    

 PARAMETER _PREPTIME =     0.000000000    

 PARAMETER _SOLVTIME =     1.000000000    

 PARAMETER _POSTTIME =     0.000000000    

 PARAMETER _TOTALTIM =     1.000000000    

 *GET  _DLBRATIO  FROM  ACTI  ITEM=SOLU DLBR  VALUE=  1.00123305    

 *GET  _COMBTIME  FROM  ACTI  ITEM=SOLU COMB  VALUE= 0.228725000E-01

 *GET  _SSMODE   FROM  ACTI  ITEM=SOLU SSMM  VALUE=  2.00000000    

 *GET  _NDOFS    FROM  ACTI  ITEM=SOLU NDOF  VALUE=  19263.0000    

 /FCLEAN COMMAND REMOVING ALL LOCAL FILES
 --- Total number of nodes = 6421
 --- Total number of elements = 3246
 --- Element load balance ratio = 1.00123305
 --- Time to combine distributed files = 2.28725E-02
 --- Sparse memory mode = 2
 --- Number of DOF = 19263

 EXIT MAPDL WITHOUT SAVING DATABASE


 NUMBER OF WARNING MESSAGES ENCOUNTERED=          2
 NUMBER OF ERROR   MESSAGES ENCOUNTERED=          0

+--------------------- M A P D L   S T A T I S T I C S ------------------------+

Release: 2022 R2            Build: 22.2       Update: UP20220516   Platform: WINDOWS x64 
Date Run: 12/08/2022   Time: 23:58     Process ID: 24872
Operating System: Windows 10  (Build: 22621)

Processor Model: 12th Gen Intel(R) Core(TM) i7-1260P

Compiler: Intel(R) Fortran Compiler Version 19.0.5  (Build: 20190815)
          Intel(R) C/C++ Compiler Version 19.0.5  (Build: 20190815)
          Intel(R) Math Kernel Library Version 2020.0.0 Product Build 20191125
          BLAS Library supplied by Intel(R) MKL

Number of machines requested            :    1
Total number of cores available         :   16
Number of physical cores available      :   12
Number of processes requested           :    4
Number of threads per process requested :    1
Total number of cores requested         :    4 (Distributed Memory Parallel)               
MPI Type: INTELMPI
MPI Version: Intel(R) MPI Library 2021.5 for Windows* OS


GPU Acceleration: Not Requested

Job Name: file0
Input File: dummy.dat

  Core                Machine Name   Working Directory
 -----------------------------------------------------
     0               EpsilonEngine   C:\Users\poitz\Repos\MAE598\Project2\_ProjectScratch\ScrC0A9
     1               EpsilonEngine   C:\Users\poitz\Repos\MAE598\Project2\_ProjectScratch\ScrC0A9
     2               EpsilonEngine   C:\Users\poitz\Repos\MAE598\Project2\_ProjectScratch\ScrC0A9
     3               EpsilonEngine   C:\Users\poitz\Repos\MAE598\Project2\_ProjectScratch\ScrC0A9
 
Latency time from master to core     1 =    2.579 microseconds
Latency time from master to core     2 =    8.979 microseconds
Latency time from master to core     3 =    6.052 microseconds
 
Communication speed from master to core     1 =  9327.81 MB/sec
Communication speed from master to core     2 =  4675.14 MB/sec
Communication speed from master to core     3 =  5456.32 MB/sec

Total CPU time for main thread                    :        0.6 seconds
Total CPU time summed for all threads             :        0.9 seconds

Elapsed time spent obtaining a license            :        0.4 seconds
Elapsed time spent pre-processing model (/PREP7)  :        0.0 seconds
Elapsed time spent solution - preprocessing       :        0.0 seconds
Elapsed time spent computing solution             :        0.8 seconds
Elapsed time spent solution - postprocessing      :        0.0 seconds
Elapsed time spent post-processing model (/POST1) :        0.0 seconds
 
Eigensolver used                                  :            Block Lanczos
Equation solver computational rate                :       19.4 Gflops

Sum of memory used on all processes               :      333.0 MB
Sum of memory allocated on all processes          :     5184.0 MB
Physical memory available                         :         16 GB

Total amount of I/O written to disk               :        0.0 GB
Total amount of I/O read from disk                :        0.0 GB

+------------------ E N D   M A P D L   S T A T I S T I C S -------------------+


 *---------------------------------------------------------------------------*
 |                                                                           |
 |                               RUN COMPLETED                               |
 |                                                                           |
 |---------------------------------------------------------------------------|
 |                                                                           |
 |  Ansys MAPDL 2022 R2         Build 22.2         UP20220516    WINDOWS x64 |
 |                                                                           |
 |---------------------------------------------------------------------------|
 |                                                                           |
 | Database Requested(-db)  1024 MB    Scratch Memory Requested      1024 MB |
 | Maximum Database Used       4 MB    Maximum Scratch Memory Used    143 MB |
 |                                                                           |
 |---------------------------------------------------------------------------|
 |                                                                           |
 |        CP Time      (sec) =          0.938       Time  =  23:58:02        |
 |        Elapsed Time (sec) =          3.000       Date  =  12/08/2022      |
 |                                                                           |
 *---------------------------------------------------------------------------*
